{"C:\\Users\\adria\\Downloads\\WorkConnect-main\\WorkConnect-main\\app.js": {"path":"C:\\Users\\adria\\Downloads\\WorkConnect-main\\WorkConnect-main\\app.js","statementMap":{"0":{"start":{"line":1,"column":16},"end":{"line":1,"column":34}},"1":{"start":{"line":2,"column":13},"end":{"line":2,"column":28}},"2":{"start":{"line":3,"column":13},"end":{"line":3,"column":41}},"3":{"start":{"line":5,"column":12},"end":{"line":5,"column":21}},"4":{"start":{"line":8,"column":24},"end":{"line":8,"column":62}},"5":{"start":{"line":11,"column":19},"end":{"line":11,"column":49}},"6":{"start":{"line":12,"column":27},"end":{"line":12,"column":65}},"7":{"start":{"line":13,"column":22},"end":{"line":13,"column":55}},"8":{"start":{"line":14,"column":22},"end":{"line":14,"column":55}},"9":{"start":{"line":15,"column":25},"end":{"line":15,"column":61}},"10":{"start":{"line":16,"column":19},"end":{"line":16,"column":49}},"11":{"start":{"line":17,"column":19},"end":{"line":17,"column":49}},"12":{"start":{"line":20,"column":0},"end":{"line":20,"column":24}},"13":{"start":{"line":21,"column":0},"end":{"line":21,"column":56}},"14":{"start":{"line":24,"column":0},"end":{"line":37,"column":3}},"15":{"start":{"line":25,"column":27},"end":{"line":25,"column":77}},"16":{"start":{"line":26,"column":19},"end":{"line":26,"column":37}},"17":{"start":{"line":27,"column":4},"end":{"line":29,"column":5}},"18":{"start":{"line":28,"column":8},"end":{"line":28,"column":58}},"19":{"start":{"line":30,"column":4},"end":{"line":30,"column":123}},"20":{"start":{"line":31,"column":4},"end":{"line":31,"column":82}},"21":{"start":{"line":32,"column":4},"end":{"line":32,"column":57}},"22":{"start":{"line":33,"column":4},"end":{"line":35,"column":5}},"23":{"start":{"line":34,"column":8},"end":{"line":34,"column":35}},"24":{"start":{"line":36,"column":4},"end":{"line":36,"column":11}},"25":{"start":{"line":40,"column":0},"end":{"line":40,"column":29}},"26":{"start":{"line":42,"column":0},"end":{"line":42,"column":29}},"27":{"start":{"line":43,"column":0},"end":{"line":43,"column":36}},"28":{"start":{"line":44,"column":0},"end":{"line":44,"column":31}},"29":{"start":{"line":45,"column":0},"end":{"line":45,"column":31}},"30":{"start":{"line":46,"column":0},"end":{"line":46,"column":34}},"31":{"start":{"line":47,"column":0},"end":{"line":47,"column":28}},"32":{"start":{"line":48,"column":0},"end":{"line":48,"column":28}},"33":{"start":{"line":51,"column":0},"end":{"line":53,"column":3}},"34":{"start":{"line":52,"column":4},"end":{"line":52,"column":63}},"35":{"start":{"line":54,"column":0},"end":{"line":56,"column":3}},"36":{"start":{"line":55,"column":4},"end":{"line":55,"column":69}},"37":{"start":{"line":57,"column":0},"end":{"line":59,"column":3}},"38":{"start":{"line":58,"column":4},"end":{"line":58,"column":70}},"39":{"start":{"line":60,"column":0},"end":{"line":62,"column":3}},"40":{"start":{"line":61,"column":4},"end":{"line":61,"column":63}},"41":{"start":{"line":63,"column":0},"end":{"line":65,"column":3}},"42":{"start":{"line":64,"column":4},"end":{"line":64,"column":72}},"43":{"start":{"line":68,"column":0},"end":{"line":68,"column":21}}},"fnMap":{"0":{"name":"(anonymous_0)","decl":{"start":{"line":24,"column":8},"end":{"line":24,"column":9}},"loc":{"start":{"line":24,"column":28},"end":{"line":37,"column":1}},"line":24},"1":{"name":"(anonymous_1)","decl":{"start":{"line":51,"column":13},"end":{"line":51,"column":14}},"loc":{"start":{"line":51,"column":27},"end":{"line":53,"column":1}},"line":51},"2":{"name":"(anonymous_2)","decl":{"start":{"line":54,"column":24},"end":{"line":54,"column":25}},"loc":{"start":{"line":54,"column":38},"end":{"line":56,"column":1}},"line":54},"3":{"name":"(anonymous_3)","decl":{"start":{"line":57,"column":25},"end":{"line":57,"column":26}},"loc":{"start":{"line":57,"column":39},"end":{"line":59,"column":1}},"line":57},"4":{"name":"(anonymous_4)","decl":{"start":{"line":60,"column":18},"end":{"line":60,"column":19}},"loc":{"start":{"line":60,"column":32},"end":{"line":62,"column":1}},"line":60},"5":{"name":"(anonymous_5)","decl":{"start":{"line":63,"column":32},"end":{"line":63,"column":33}},"loc":{"start":{"line":63,"column":46},"end":{"line":65,"column":1}},"line":63}},"branchMap":{"0":{"loc":{"start":{"line":27,"column":4},"end":{"line":29,"column":5}},"type":"if","locations":[{"start":{"line":27,"column":4},"end":{"line":29,"column":5}},{"start":{},"end":{}}],"line":27},"1":{"loc":{"start":{"line":33,"column":4},"end":{"line":35,"column":5}},"type":"if","locations":[{"start":{"line":33,"column":4},"end":{"line":35,"column":5}},{"start":{},"end":{}}],"line":33}},"s":{"0":3,"1":3,"2":3,"3":3,"4":3,"5":3,"6":3,"7":3,"8":3,"9":3,"10":3,"11":3,"12":3,"13":3,"14":3,"15":129,"16":129,"17":129,"18":0,"19":129,"20":129,"21":129,"22":129,"23":0,"24":129,"25":3,"26":3,"27":3,"28":3,"29":3,"30":3,"31":3,"32":3,"33":3,"34":0,"35":3,"36":0,"37":3,"38":0,"39":3,"40":0,"41":3,"42":0,"43":3},"f":{"0":129,"1":0,"2":0,"3":0,"4":0,"5":0},"b":{"0":[0,129],"1":[0,129]},"_coverageSchema":"1a1c01bbd47fc00a2c39e90264f33305004495a9","hash":"f8550bc7b1ad1c5ce619690053f554bf3bf4d33f"}
,"C:\\Users\\adria\\Downloads\\WorkConnect-main\\WorkConnect-main\\config\\email.js": {"path":"C:\\Users\\adria\\Downloads\\WorkConnect-main\\WorkConnect-main\\config\\email.js","statementMap":{"0":{"start":{"line":1,"column":19},"end":{"line":1,"column":40}},"1":{"start":{"line":6,"column":22},"end":{"line":6,"column":58}},"2":{"start":{"line":9,"column":4},"end":{"line":9,"column":70}},"3":{"start":{"line":10,"column":4},"end":{"line":10,"column":48}},"4":{"start":{"line":11,"column":4},"end":{"line":11,"column":46}},"5":{"start":{"line":14,"column":22},"end":{"line":22,"column":6}},"6":{"start":{"line":24,"column":4},"end":{"line":24,"column":23}},"7":{"start":{"line":29,"column":4},"end":{"line":62,"column":5}},"8":{"start":{"line":30,"column":28},"end":{"line":30,"column":61}},"9":{"start":{"line":33,"column":26},"end":{"line":48,"column":9}},"10":{"start":{"line":51,"column":19},"end":{"line":51,"column":58}},"11":{"start":{"line":54,"column":8},"end":{"line":54,"column":72}},"12":{"start":{"line":55,"column":8},"end":{"line":55,"column":58}},"13":{"start":{"line":56,"column":8},"end":{"line":56,"column":70}},"14":{"start":{"line":57,"column":8},"end":{"line":57,"column":56}},"15":{"start":{"line":58,"column":8},"end":{"line":58,"column":72}},"16":{"start":{"line":61,"column":8},"end":{"line":61,"column":64}},"17":{"start":{"line":66,"column":0},"end":{"line":66,"column":44}}},"fnMap":{"0":{"name":"createEtherealTransporter","decl":{"start":{"line":4,"column":15},"end":{"line":4,"column":40}},"loc":{"start":{"line":4,"column":43},"end":{"line":25,"column":1}},"line":4},"1":{"name":"sendPasswordResetEmail","decl":{"start":{"line":28,"column":15},"end":{"line":28,"column":37}},"loc":{"start":{"line":28,"column":58},"end":{"line":63,"column":1}},"line":28}},"branchMap":{},"s":{"0":3,"1":2,"2":2,"3":2,"4":2,"5":2,"6":2,"7":2,"8":2,"9":2,"10":2,"11":2,"12":2,"13":2,"14":2,"15":2,"16":0,"17":3},"f":{"0":2,"1":2},"b":{},"_coverageSchema":"1a1c01bbd47fc00a2c39e90264f33305004495a9","hash":"0260ec7586f8fcf32d22fa42bcbe5aac550051f1"}
,"C:\\Users\\adria\\Downloads\\WorkConnect-main\\WorkConnect-main\\config\\jwt.js": {"path":"C:\\Users\\adria\\Downloads\\WorkConnect-main\\WorkConnect-main\\config\\jwt.js","statementMap":{"0":{"start":{"line":1,"column":0},"end":{"line":1,"column":37}}},"fnMap":{},"branchMap":{},"s":{"0":3},"f":{},"b":{},"_coverageSchema":"1a1c01bbd47fc00a2c39e90264f33305004495a9","hash":"45a1e16ebb2d20cfe5c150ae8b83a7694ef05c74"}
,"C:\\Users\\adria\\Downloads\\WorkConnect-main\\WorkConnect-main\\controllers\\authController.js": {"path":"C:\\Users\\adria\\Downloads\\WorkConnect-main\\WorkConnect-main\\controllers\\authController.js","statementMap":{"0":{"start":{"line":2,"column":20},"end":{"line":2,"column":54}},"1":{"start":{"line":5,"column":17},"end":{"line":22,"column":1}},"2":{"start":{"line":6,"column":4},"end":{"line":21,"column":5}},"3":{"start":{"line":7,"column":21},"end":{"line":7,"column":57}},"4":{"start":{"line":8,"column":8},"end":{"line":11,"column":11}},"5":{"start":{"line":13,"column":8},"end":{"line":13,"column":72}},"6":{"start":{"line":14,"column":8},"end":{"line":16,"column":9}},"7":{"start":{"line":15,"column":12},"end":{"line":15,"column":68}},"8":{"start":{"line":17,"column":8},"end":{"line":19,"column":9}},"9":{"start":{"line":18,"column":12},"end":{"line":18,"column":68}},"10":{"start":{"line":20,"column":8},"end":{"line":20,"column":71}},"11":{"start":{"line":25,"column":14},"end":{"line":44,"column":1}},"12":{"start":{"line":26,"column":4},"end":{"line":43,"column":5}},"13":{"start":{"line":27,"column":39},"end":{"line":27,"column":47}},"14":{"start":{"line":28,"column":32},"end":{"line":28,"column":75}},"15":{"start":{"line":30,"column":8},"end":{"line":36,"column":11}},"16":{"start":{"line":38,"column":8},"end":{"line":38,"column":69}},"17":{"start":{"line":39,"column":8},"end":{"line":41,"column":9}},"18":{"start":{"line":40,"column":12},"end":{"line":40,"column":68}},"19":{"start":{"line":42,"column":8},"end":{"line":42,"column":71}},"20":{"start":{"line":47,"column":19},"end":{"line":68,"column":1}},"21":{"start":{"line":48,"column":4},"end":{"line":67,"column":5}},"22":{"start":{"line":49,"column":28},"end":{"line":49,"column":55}},"23":{"start":{"line":50,"column":24},"end":{"line":50,"column":35}},"24":{"start":{"line":51,"column":26},"end":{"line":51,"column":39}},"25":{"start":{"line":54,"column":8},"end":{"line":56,"column":9}},"26":{"start":{"line":55,"column":12},"end":{"line":55,"column":115}},"27":{"start":{"line":58,"column":28},"end":{"line":58,"column":69}},"28":{"start":{"line":59,"column":8},"end":{"line":59,"column":30}},"29":{"start":{"line":62,"column":8},"end":{"line":62,"column":63}},"30":{"start":{"line":63,"column":8},"end":{"line":65,"column":9}},"31":{"start":{"line":64,"column":12},"end":{"line":64,"column":68}},"32":{"start":{"line":66,"column":8},"end":{"line":66,"column":71}},"33":{"start":{"line":71,"column":22},"end":{"line":95,"column":1}},"34":{"start":{"line":72,"column":4},"end":{"line":94,"column":5}},"35":{"start":{"line":73,"column":28},"end":{"line":73,"column":55}},"36":{"start":{"line":74,"column":24},"end":{"line":74,"column":35}},"37":{"start":{"line":75,"column":26},"end":{"line":75,"column":39}},"38":{"start":{"line":78,"column":8},"end":{"line":80,"column":9}},"39":{"start":{"line":79,"column":12},"end":{"line":79,"column":111}},"40":{"start":{"line":82,"column":23},"end":{"line":82,"column":77}},"41":{"start":{"line":83,"column":8},"end":{"line":83,"column":25}},"42":{"start":{"line":86,"column":8},"end":{"line":86,"column":66}},"43":{"start":{"line":87,"column":8},"end":{"line":89,"column":9}},"44":{"start":{"line":88,"column":12},"end":{"line":88,"column":68}},"45":{"start":{"line":90,"column":8},"end":{"line":92,"column":9}},"46":{"start":{"line":91,"column":12},"end":{"line":91,"column":68}},"47":{"start":{"line":93,"column":8},"end":{"line":93,"column":71}},"48":{"start":{"line":98,"column":22},"end":{"line":119,"column":1}},"49":{"start":{"line":99,"column":5},"end":{"line":118,"column":5}},"50":{"start":{"line":100,"column":28},"end":{"line":100,"column":55}},"51":{"start":{"line":101,"column":24},"end":{"line":101,"column":35}},"52":{"start":{"line":102,"column":26},"end":{"line":102,"column":39}},"53":{"start":{"line":105,"column":8},"end":{"line":107,"column":9}},"54":{"start":{"line":106,"column":12},"end":{"line":106,"column":112}},"55":{"start":{"line":109,"column":23},"end":{"line":109,"column":67}},"56":{"start":{"line":110,"column":8},"end":{"line":110,"column":25}},"57":{"start":{"line":113,"column":8},"end":{"line":113,"column":64}},"58":{"start":{"line":114,"column":8},"end":{"line":116,"column":9}},"59":{"start":{"line":115,"column":12},"end":{"line":115,"column":68}},"60":{"start":{"line":117,"column":8},"end":{"line":117,"column":71}},"61":{"start":{"line":122,"column":23},"end":{"line":131,"column":1}},"62":{"start":{"line":123,"column":4},"end":{"line":130,"column":5}},"63":{"start":{"line":124,"column":26},"end":{"line":124,"column":34}},"64":{"start":{"line":125,"column":23},"end":{"line":125,"column":62}},"65":{"start":{"line":126,"column":8},"end":{"line":126,"column":25}},"66":{"start":{"line":128,"column":8},"end":{"line":128,"column":65}},"67":{"start":{"line":129,"column":8},"end":{"line":129,"column":71}},"68":{"start":{"line":134,"column":22},"end":{"line":146,"column":1}},"69":{"start":{"line":135,"column":4},"end":{"line":145,"column":5}},"70":{"start":{"line":136,"column":39},"end":{"line":136,"column":47}},"71":{"start":{"line":137,"column":23},"end":{"line":137,"column":74}},"72":{"start":{"line":138,"column":8},"end":{"line":138,"column":25}},"73":{"start":{"line":140,"column":8},"end":{"line":140,"column":64}},"74":{"start":{"line":141,"column":8},"end":{"line":143,"column":9}},"75":{"start":{"line":142,"column":12},"end":{"line":142,"column":68}},"76":{"start":{"line":144,"column":8},"end":{"line":144,"column":71}},"77":{"start":{"line":149,"column":0},"end":{"line":157,"column":2}}},"fnMap":{"0":{"name":"(anonymous_0)","decl":{"start":{"line":5,"column":17},"end":{"line":5,"column":18}},"loc":{"start":{"line":5,"column":37},"end":{"line":22,"column":1}},"line":5},"1":{"name":"(anonymous_1)","decl":{"start":{"line":25,"column":14},"end":{"line":25,"column":15}},"loc":{"start":{"line":25,"column":34},"end":{"line":44,"column":1}},"line":25},"2":{"name":"(anonymous_2)","decl":{"start":{"line":47,"column":19},"end":{"line":47,"column":20}},"loc":{"start":{"line":47,"column":39},"end":{"line":68,"column":1}},"line":47},"3":{"name":"(anonymous_3)","decl":{"start":{"line":71,"column":22},"end":{"line":71,"column":23}},"loc":{"start":{"line":71,"column":42},"end":{"line":95,"column":1}},"line":71},"4":{"name":"(anonymous_4)","decl":{"start":{"line":98,"column":22},"end":{"line":98,"column":23}},"loc":{"start":{"line":98,"column":42},"end":{"line":119,"column":1}},"line":98},"5":{"name":"(anonymous_5)","decl":{"start":{"line":122,"column":23},"end":{"line":122,"column":24}},"loc":{"start":{"line":122,"column":43},"end":{"line":131,"column":1}},"line":122},"6":{"name":"(anonymous_6)","decl":{"start":{"line":134,"column":22},"end":{"line":134,"column":23}},"loc":{"start":{"line":134,"column":42},"end":{"line":146,"column":1}},"line":134}},"branchMap":{"0":{"loc":{"start":{"line":14,"column":8},"end":{"line":16,"column":9}},"type":"if","locations":[{"start":{"line":14,"column":8},"end":{"line":16,"column":9}},{"start":{},"end":{}}],"line":14},"1":{"loc":{"start":{"line":14,"column":12},"end":{"line":14,"column":84}},"type":"binary-expr","locations":[{"start":{"line":14,"column":12},"end":{"line":14,"column":50}},{"start":{"line":14,"column":54},"end":{"line":14,"column":84}}],"line":14},"2":{"loc":{"start":{"line":17,"column":8},"end":{"line":19,"column":9}},"type":"if","locations":[{"start":{"line":17,"column":8},"end":{"line":19,"column":9}},{"start":{},"end":{}}],"line":17},"3":{"loc":{"start":{"line":39,"column":8},"end":{"line":41,"column":9}},"type":"if","locations":[{"start":{"line":39,"column":8},"end":{"line":41,"column":9}},{"start":{},"end":{}}],"line":39},"4":{"loc":{"start":{"line":39,"column":12},"end":{"line":39,"column":89}},"type":"binary-expr","locations":[{"start":{"line":39,"column":12},"end":{"line":39,"column":50}},{"start":{"line":39,"column":54},"end":{"line":39,"column":89}}],"line":39},"5":{"loc":{"start":{"line":54,"column":8},"end":{"line":56,"column":9}},"type":"if","locations":[{"start":{"line":54,"column":8},"end":{"line":56,"column":9}},{"start":{},"end":{}}],"line":54},"6":{"loc":{"start":{"line":54,"column":12},"end":{"line":54,"column":60}},"type":"binary-expr","locations":[{"start":{"line":54,"column":12},"end":{"line":54,"column":35}},{"start":{"line":54,"column":39},"end":{"line":54,"column":60}}],"line":54},"7":{"loc":{"start":{"line":63,"column":8},"end":{"line":65,"column":9}},"type":"if","locations":[{"start":{"line":63,"column":8},"end":{"line":65,"column":9}},{"start":{},"end":{}}],"line":63},"8":{"loc":{"start":{"line":78,"column":8},"end":{"line":80,"column":9}},"type":"if","locations":[{"start":{"line":78,"column":8},"end":{"line":80,"column":9}},{"start":{},"end":{}}],"line":78},"9":{"loc":{"start":{"line":78,"column":12},"end":{"line":78,"column":60}},"type":"binary-expr","locations":[{"start":{"line":78,"column":12},"end":{"line":78,"column":35}},{"start":{"line":78,"column":39},"end":{"line":78,"column":60}}],"line":78},"10":{"loc":{"start":{"line":87,"column":8},"end":{"line":89,"column":9}},"type":"if","locations":[{"start":{"line":87,"column":8},"end":{"line":89,"column":9}},{"start":{},"end":{}}],"line":87},"11":{"loc":{"start":{"line":90,"column":8},"end":{"line":92,"column":9}},"type":"if","locations":[{"start":{"line":90,"column":8},"end":{"line":92,"column":9}},{"start":{},"end":{}}],"line":90},"12":{"loc":{"start":{"line":105,"column":8},"end":{"line":107,"column":9}},"type":"if","locations":[{"start":{"line":105,"column":8},"end":{"line":107,"column":9}},{"start":{},"end":{}}],"line":105},"13":{"loc":{"start":{"line":105,"column":12},"end":{"line":105,"column":60}},"type":"binary-expr","locations":[{"start":{"line":105,"column":12},"end":{"line":105,"column":35}},{"start":{"line":105,"column":39},"end":{"line":105,"column":60}}],"line":105},"14":{"loc":{"start":{"line":114,"column":8},"end":{"line":116,"column":9}},"type":"if","locations":[{"start":{"line":114,"column":8},"end":{"line":116,"column":9}},{"start":{},"end":{}}],"line":114},"15":{"loc":{"start":{"line":141,"column":8},"end":{"line":143,"column":9}},"type":"if","locations":[{"start":{"line":141,"column":8},"end":{"line":143,"column":9}},{"start":{},"end":{}}],"line":141}},"s":{"0":3,"1":3,"2":50,"3":50,"4":47,"5":3,"6":3,"7":2,"8":1,"9":1,"10":0,"11":3,"12":44,"13":44,"14":44,"15":42,"16":2,"17":2,"18":2,"19":0,"20":3,"21":0,"22":0,"23":0,"24":0,"25":0,"26":0,"27":0,"28":0,"29":0,"30":0,"31":0,"32":0,"33":3,"34":2,"35":2,"36":2,"37":2,"38":2,"39":1,"40":1,"41":1,"42":0,"43":0,"44":0,"45":0,"46":0,"47":0,"48":3,"49":2,"50":2,"51":2,"52":2,"53":2,"54":0,"55":2,"56":2,"57":0,"58":0,"59":0,"60":0,"61":3,"62":2,"63":2,"64":2,"65":2,"66":0,"67":0,"68":3,"69":1,"70":1,"71":1,"72":1,"73":0,"74":0,"75":0,"76":0,"77":3},"f":{"0":50,"1":44,"2":0,"3":2,"4":2,"5":2,"6":1},"b":{"0":[2,1],"1":[3,2],"2":[1,0],"3":[2,0],"4":[2,2],"5":[0,0],"6":[0,0],"7":[0,0],"8":[1,1],"9":[2,1],"10":[0,0],"11":[0,0],"12":[0,2],"13":[2,1],"14":[0,0],"15":[0,0]},"_coverageSchema":"1a1c01bbd47fc00a2c39e90264f33305004495a9","hash":"7533319edc9600c16653f510f43a0f391cb91850"}
,"C:\\Users\\adria\\Downloads\\WorkConnect-main\\WorkConnect-main\\controllers\\chatController.js": {"path":"C:\\Users\\adria\\Downloads\\WorkConnect-main\\WorkConnect-main\\controllers\\chatController.js","statementMap":{"0":{"start":{"line":2,"column":20},"end":{"line":2,"column":54}},"1":{"start":{"line":4,"column":23},"end":{"line":13,"column":1}},"2":{"start":{"line":5,"column":4},"end":{"line":12,"column":5}},"3":{"start":{"line":6,"column":39},"end":{"line":6,"column":49}},"4":{"start":{"line":7,"column":24},"end":{"line":7,"column":76}},"5":{"start":{"line":8,"column":8},"end":{"line":8,"column":26}},"6":{"start":{"line":10,"column":8},"end":{"line":10,"column":66}},"7":{"start":{"line":11,"column":8},"end":{"line":11,"column":71}},"8":{"start":{"line":15,"column":0},"end":{"line":15,"column":36}}},"fnMap":{"0":{"name":"(anonymous_0)","decl":{"start":{"line":4,"column":23},"end":{"line":4,"column":24}},"loc":{"start":{"line":4,"column":43},"end":{"line":13,"column":1}},"line":4}},"branchMap":{},"s":{"0":3,"1":3,"2":1,"3":1,"4":1,"5":1,"6":0,"7":0,"8":3},"f":{"0":1},"b":{},"_coverageSchema":"1a1c01bbd47fc00a2c39e90264f33305004495a9","hash":"ab3a4d5ee10bcf88e7fe87de4d8a8cfaea51150e"}
,"C:\\Users\\adria\\Downloads\\WorkConnect-main\\WorkConnect-main\\controllers\\contactController.js": {"path":"C:\\Users\\adria\\Downloads\\WorkConnect-main\\WorkConnect-main\\controllers\\contactController.js","statementMap":{"0":{"start":{"line":2,"column":23},"end":{"line":2,"column":60}},"1":{"start":{"line":4,"column":22},"end":{"line":23,"column":1}},"2":{"start":{"line":5,"column":4},"end":{"line":22,"column":5}},"3":{"start":{"line":6,"column":30},"end":{"line":6,"column":41}},"4":{"start":{"line":7,"column":35},"end":{"line":7,"column":43}},"5":{"start":{"line":9,"column":8},"end":{"line":11,"column":9}},"6":{"start":{"line":10,"column":12},"end":{"line":10,"column":92}},"7":{"start":{"line":13,"column":23},"end":{"line":13,"column":88}},"8":{"start":{"line":14,"column":8},"end":{"line":14,"column":37}},"9":{"start":{"line":17,"column":8},"end":{"line":17,"column":57}},"10":{"start":{"line":18,"column":8},"end":{"line":20,"column":9}},"11":{"start":{"line":19,"column":12},"end":{"line":19,"column":68}},"12":{"start":{"line":21,"column":8},"end":{"line":21,"column":71}},"13":{"start":{"line":25,"column":22},"end":{"line":34,"column":1}},"14":{"start":{"line":26,"column":4},"end":{"line":33,"column":5}},"15":{"start":{"line":27,"column":31},"end":{"line":27,"column":42}},"16":{"start":{"line":28,"column":25},"end":{"line":28,"column":75}},"17":{"start":{"line":29,"column":8},"end":{"line":29,"column":27}},"18":{"start":{"line":31,"column":8},"end":{"line":31,"column":57}},"19":{"start":{"line":32,"column":8},"end":{"line":32,"column":71}},"20":{"start":{"line":36,"column":27},"end":{"line":45,"column":1}},"21":{"start":{"line":37,"column":4},"end":{"line":44,"column":5}},"22":{"start":{"line":38,"column":30},"end":{"line":38,"column":41}},"23":{"start":{"line":39,"column":30},"end":{"line":39,"column":84}},"24":{"start":{"line":40,"column":8},"end":{"line":40,"column":32}},"25":{"start":{"line":42,"column":8},"end":{"line":42,"column":58}},"26":{"start":{"line":43,"column":8},"end":{"line":43,"column":71}},"27":{"start":{"line":47,"column":0},"end":{"line":51,"column":2}}},"fnMap":{"0":{"name":"(anonymous_0)","decl":{"start":{"line":4,"column":22},"end":{"line":4,"column":23}},"loc":{"start":{"line":4,"column":42},"end":{"line":23,"column":1}},"line":4},"1":{"name":"(anonymous_1)","decl":{"start":{"line":25,"column":22},"end":{"line":25,"column":23}},"loc":{"start":{"line":25,"column":42},"end":{"line":34,"column":1}},"line":25},"2":{"name":"(anonymous_2)","decl":{"start":{"line":36,"column":27},"end":{"line":36,"column":28}},"loc":{"start":{"line":36,"column":47},"end":{"line":45,"column":1}},"line":36}},"branchMap":{"0":{"loc":{"start":{"line":9,"column":8},"end":{"line":11,"column":9}},"type":"if","locations":[{"start":{"line":9,"column":8},"end":{"line":11,"column":9}},{"start":{},"end":{}}],"line":9},"1":{"loc":{"start":{"line":18,"column":8},"end":{"line":20,"column":9}},"type":"if","locations":[{"start":{"line":18,"column":8},"end":{"line":20,"column":9}},{"start":{},"end":{}}],"line":18}},"s":{"0":3,"1":3,"2":2,"3":2,"4":2,"5":2,"6":0,"7":2,"8":2,"9":0,"10":0,"11":0,"12":0,"13":3,"14":1,"15":1,"16":1,"17":1,"18":0,"19":0,"20":3,"21":0,"22":0,"23":0,"24":0,"25":0,"26":0,"27":3},"f":{"0":2,"1":1,"2":0},"b":{"0":[0,2],"1":[0,0]},"_coverageSchema":"1a1c01bbd47fc00a2c39e90264f33305004495a9","hash":"2e39fc2b3edfbb197da6670a7d42b4241e99f352"}
,"C:\\Users\\adria\\Downloads\\WorkConnect-main\\WorkConnect-main\\controllers\\evaluationController.js": {"path":"C:\\Users\\adria\\Downloads\\WorkConnect-main\\WorkConnect-main\\controllers\\evaluationController.js","statementMap":{"0":{"start":{"line":2,"column":26},"end":{"line":2,"column":66}},"1":{"start":{"line":4,"column":25},"end":{"line":25,"column":1}},"2":{"start":{"line":5,"column":4},"end":{"line":24,"column":5}},"3":{"start":{"line":6,"column":28},"end":{"line":6,"column":39}},"4":{"start":{"line":7,"column":50},"end":{"line":7,"column":58}},"5":{"start":{"line":9,"column":23},"end":{"line":9,"column":107}},"6":{"start":{"line":10,"column":8},"end":{"line":10,"column":37}},"7":{"start":{"line":13,"column":8},"end":{"line":13,"column":69}},"8":{"start":{"line":14,"column":8},"end":{"line":16,"column":9}},"9":{"start":{"line":15,"column":12},"end":{"line":15,"column":68}},"10":{"start":{"line":17,"column":8},"end":{"line":19,"column":9}},"11":{"start":{"line":18,"column":12},"end":{"line":18,"column":68}},"12":{"start":{"line":20,"column":8},"end":{"line":22,"column":9}},"13":{"start":{"line":21,"column":12},"end":{"line":21,"column":68}},"14":{"start":{"line":23,"column":8},"end":{"line":23,"column":71}},"15":{"start":{"line":27,"column":25},"end":{"line":36,"column":1}},"16":{"start":{"line":28,"column":4},"end":{"line":35,"column":5}},"17":{"start":{"line":29,"column":28},"end":{"line":29,"column":39}},"18":{"start":{"line":30,"column":28},"end":{"line":30,"column":81}},"19":{"start":{"line":31,"column":8},"end":{"line":31,"column":30}},"20":{"start":{"line":33,"column":8},"end":{"line":33,"column":59}},"21":{"start":{"line":34,"column":8},"end":{"line":34,"column":71}},"22":{"start":{"line":38,"column":0},"end":{"line":41,"column":2}}},"fnMap":{"0":{"name":"(anonymous_0)","decl":{"start":{"line":4,"column":25},"end":{"line":4,"column":26}},"loc":{"start":{"line":4,"column":45},"end":{"line":25,"column":1}},"line":4},"1":{"name":"(anonymous_1)","decl":{"start":{"line":27,"column":25},"end":{"line":27,"column":26}},"loc":{"start":{"line":27,"column":45},"end":{"line":36,"column":1}},"line":27}},"branchMap":{"0":{"loc":{"start":{"line":14,"column":8},"end":{"line":16,"column":9}},"type":"if","locations":[{"start":{"line":14,"column":8},"end":{"line":16,"column":9}},{"start":{},"end":{}}],"line":14},"1":{"loc":{"start":{"line":17,"column":8},"end":{"line":19,"column":9}},"type":"if","locations":[{"start":{"line":17,"column":8},"end":{"line":19,"column":9}},{"start":{},"end":{}}],"line":17},"2":{"loc":{"start":{"line":20,"column":8},"end":{"line":22,"column":9}},"type":"if","locations":[{"start":{"line":20,"column":8},"end":{"line":22,"column":9}},{"start":{},"end":{}}],"line":20}},"s":{"0":3,"1":3,"2":2,"3":2,"4":2,"5":2,"6":1,"7":1,"8":1,"9":0,"10":1,"11":1,"12":0,"13":0,"14":0,"15":3,"16":1,"17":1,"18":1,"19":1,"20":0,"21":0,"22":3},"f":{"0":2,"1":1},"b":{"0":[0,1],"1":[1,0],"2":[0,0]},"_coverageSchema":"1a1c01bbd47fc00a2c39e90264f33305004495a9","hash":"3396779ef8db85a86623390253f9349a52173bac"}
,"C:\\Users\\adria\\Downloads\\WorkConnect-main\\WorkConnect-main\\controllers\\professionalController.js": {"path":"C:\\Users\\adria\\Downloads\\WorkConnect-main\\WorkConnect-main\\controllers\\professionalController.js","statementMap":{"0":{"start":{"line":2,"column":28},"end":{"line":2,"column":70}},"1":{"start":{"line":3,"column":26},"end":{"line":3,"column":70}},"2":{"start":{"line":4,"column":29},"end":{"line":4,"column":76}},"3":{"start":{"line":6,"column":25},"end":{"line":15,"column":1}},"4":{"start":{"line":7,"column":4},"end":{"line":14,"column":5}},"5":{"start":{"line":8,"column":27},"end":{"line":8,"column":36}},"6":{"start":{"line":9,"column":30},"end":{"line":9,"column":81}},"7":{"start":{"line":10,"column":8},"end":{"line":10,"column":32}},"8":{"start":{"line":12,"column":8},"end":{"line":12,"column":62}},"9":{"start":{"line":13,"column":8},"end":{"line":13,"column":87}},"10":{"start":{"line":18,"column":29},"end":{"line":47,"column":1}},"11":{"start":{"line":19,"column":27},"end":{"line":19,"column":38}},"12":{"start":{"line":21,"column":4},"end":{"line":46,"column":5}},"13":{"start":{"line":23,"column":30},"end":{"line":23,"column":89}},"14":{"start":{"line":24,"column":29},"end":{"line":24,"column":86}},"15":{"start":{"line":25,"column":28},"end":{"line":25,"column":81}},"16":{"start":{"line":32,"column":12},"end":{"line":32,"column":73}},"17":{"start":{"line":35,"column":22},"end":{"line":39,"column":9}},"18":{"start":{"line":41,"column":8},"end":{"line":41,"column":24}},"19":{"start":{"line":44,"column":8},"end":{"line":44,"column":77}},"20":{"start":{"line":45,"column":8},"end":{"line":45,"column":71}},"21":{"start":{"line":49,"column":0},"end":{"line":52,"column":2}}},"fnMap":{"0":{"name":"(anonymous_0)","decl":{"start":{"line":6,"column":25},"end":{"line":6,"column":26}},"loc":{"start":{"line":6,"column":45},"end":{"line":15,"column":1}},"line":6},"1":{"name":"(anonymous_1)","decl":{"start":{"line":18,"column":29},"end":{"line":18,"column":30}},"loc":{"start":{"line":18,"column":49},"end":{"line":47,"column":1}},"line":18}},"branchMap":{},"s":{"0":3,"1":3,"2":3,"3":3,"4":2,"5":2,"6":2,"7":2,"8":0,"9":0,"10":3,"11":1,"12":1,"13":1,"14":1,"15":1,"16":1,"17":1,"18":1,"19":0,"20":0,"21":3},"f":{"0":2,"1":1},"b":{},"_coverageSchema":"1a1c01bbd47fc00a2c39e90264f33305004495a9","hash":"df68ef41a27673acdf7d97e8ef16c83e44ba2b63"}
,"C:\\Users\\adria\\Downloads\\WorkConnect-main\\WorkConnect-main\\controllers\\serviceController.js": {"path":"C:\\Users\\adria\\Downloads\\WorkConnect-main\\WorkConnect-main\\controllers\\serviceController.js","statementMap":{"0":{"start":{"line":2,"column":23},"end":{"line":2,"column":60}},"1":{"start":{"line":5,"column":27},"end":{"line":21,"column":1}},"2":{"start":{"line":6,"column":4},"end":{"line":6,"column":63}},"3":{"start":{"line":8,"column":4},"end":{"line":10,"column":5}},"4":{"start":{"line":9,"column":8},"end":{"line":9,"column":64}},"5":{"start":{"line":12,"column":4},"end":{"line":14,"column":5}},"6":{"start":{"line":13,"column":8},"end":{"line":13,"column":64}},"7":{"start":{"line":16,"column":4},"end":{"line":18,"column":5}},"8":{"start":{"line":17,"column":8},"end":{"line":17,"column":64}},"9":{"start":{"line":20,"column":4},"end":{"line":20,"column":67}},"10":{"start":{"line":23,"column":23},"end":{"line":35,"column":1}},"11":{"start":{"line":24,"column":4},"end":{"line":34,"column":5}},"12":{"start":{"line":25,"column":30},"end":{"line":25,"column":41}},"13":{"start":{"line":26,"column":35},"end":{"line":26,"column":43}},"14":{"start":{"line":27,"column":8},"end":{"line":29,"column":9}},"15":{"start":{"line":28,"column":12},"end":{"line":28,"column":92}},"16":{"start":{"line":30,"column":23},"end":{"line":30,"column":89}},"17":{"start":{"line":31,"column":8},"end":{"line":31,"column":37}},"18":{"start":{"line":33,"column":8},"end":{"line":33,"column":39}},"19":{"start":{"line":37,"column":23},"end":{"line":46,"column":1}},"20":{"start":{"line":38,"column":4},"end":{"line":45,"column":5}},"21":{"start":{"line":39,"column":31},"end":{"line":39,"column":42}},"22":{"start":{"line":40,"column":26},"end":{"line":40,"column":39}},"23":{"start":{"line":41,"column":23},"end":{"line":41,"column":85}},"24":{"start":{"line":42,"column":8},"end":{"line":42,"column":25}},"25":{"start":{"line":44,"column":8},"end":{"line":44,"column":39}},"26":{"start":{"line":48,"column":26},"end":{"line":57,"column":1}},"27":{"start":{"line":49,"column":4},"end":{"line":56,"column":5}},"28":{"start":{"line":50,"column":23},"end":{"line":50,"column":34}},"29":{"start":{"line":51,"column":26},"end":{"line":51,"column":39}},"30":{"start":{"line":52,"column":23},"end":{"line":52,"column":80}},"31":{"start":{"line":53,"column":8},"end":{"line":53,"column":25}},"32":{"start":{"line":55,"column":8},"end":{"line":55,"column":39}},"33":{"start":{"line":59,"column":26},"end":{"line":68,"column":1}},"34":{"start":{"line":60,"column":4},"end":{"line":67,"column":5}},"35":{"start":{"line":61,"column":23},"end":{"line":61,"column":34}},"36":{"start":{"line":62,"column":26},"end":{"line":62,"column":39}},"37":{"start":{"line":63,"column":23},"end":{"line":63,"column":80}},"38":{"start":{"line":64,"column":8},"end":{"line":64,"column":25}},"39":{"start":{"line":66,"column":8},"end":{"line":66,"column":39}},"40":{"start":{"line":70,"column":22},"end":{"line":81,"column":1}},"41":{"start":{"line":71,"column":4},"end":{"line":80,"column":5}},"42":{"start":{"line":72,"column":21},"end":{"line":72,"column":32}},"43":{"start":{"line":73,"column":23},"end":{"line":73,"column":36}},"44":{"start":{"line":74,"column":28},"end":{"line":74,"column":50}},"45":{"start":{"line":75,"column":23},"end":{"line":75,"column":84}},"46":{"start":{"line":76,"column":8},"end":{"line":76,"column":25}},"47":{"start":{"line":78,"column":8},"end":{"line":78,"column":63}},"48":{"start":{"line":79,"column":8},"end":{"line":79,"column":71}},"49":{"start":{"line":83,"column":0},"end":{"line":89,"column":2}}},"fnMap":{"0":{"name":"(anonymous_0)","decl":{"start":{"line":5,"column":27},"end":{"line":5,"column":28}},"loc":{"start":{"line":5,"column":43},"end":{"line":21,"column":1}},"line":5},"1":{"name":"(anonymous_1)","decl":{"start":{"line":23,"column":23},"end":{"line":23,"column":24}},"loc":{"start":{"line":23,"column":43},"end":{"line":35,"column":1}},"line":23},"2":{"name":"(anonymous_2)","decl":{"start":{"line":37,"column":23},"end":{"line":37,"column":24}},"loc":{"start":{"line":37,"column":43},"end":{"line":46,"column":1}},"line":37},"3":{"name":"(anonymous_3)","decl":{"start":{"line":48,"column":26},"end":{"line":48,"column":27}},"loc":{"start":{"line":48,"column":46},"end":{"line":57,"column":1}},"line":48},"4":{"name":"(anonymous_4)","decl":{"start":{"line":59,"column":26},"end":{"line":59,"column":27}},"loc":{"start":{"line":59,"column":46},"end":{"line":68,"column":1}},"line":59},"5":{"name":"(anonymous_5)","decl":{"start":{"line":70,"column":22},"end":{"line":70,"column":23}},"loc":{"start":{"line":70,"column":42},"end":{"line":81,"column":1}},"line":70}},"branchMap":{"0":{"loc":{"start":{"line":8,"column":4},"end":{"line":10,"column":5}},"type":"if","locations":[{"start":{"line":8,"column":4},"end":{"line":10,"column":5}},{"start":{},"end":{}}],"line":8},"1":{"loc":{"start":{"line":12,"column":4},"end":{"line":14,"column":5}},"type":"if","locations":[{"start":{"line":12,"column":4},"end":{"line":14,"column":5}},{"start":{},"end":{}}],"line":12},"2":{"loc":{"start":{"line":16,"column":4},"end":{"line":18,"column":5}},"type":"if","locations":[{"start":{"line":16,"column":4},"end":{"line":18,"column":5}},{"start":{},"end":{}}],"line":16},"3":{"loc":{"start":{"line":16,"column":8},"end":{"line":16,"column":92}},"type":"binary-expr","locations":[{"start":{"line":16,"column":8},"end":{"line":16,"column":48}},{"start":{"line":16,"column":52},"end":{"line":16,"column":92}}],"line":16},"4":{"loc":{"start":{"line":27,"column":8},"end":{"line":29,"column":9}},"type":"if","locations":[{"start":{"line":27,"column":8},"end":{"line":29,"column":9}},{"start":{},"end":{}}],"line":27}},"s":{"0":3,"1":3,"2":1,"3":1,"4":0,"5":1,"6":1,"7":0,"8":0,"9":0,"10":3,"11":4,"12":4,"13":4,"14":4,"15":0,"16":4,"17":4,"18":0,"19":3,"20":4,"21":4,"22":4,"23":4,"24":4,"25":0,"26":3,"27":3,"28":3,"29":3,"30":3,"31":3,"32":0,"33":3,"34":3,"35":3,"36":3,"37":3,"38":2,"39":1,"40":3,"41":0,"42":0,"43":0,"44":0,"45":0,"46":0,"47":0,"48":0,"49":3},"f":{"0":1,"1":4,"2":4,"3":3,"4":3,"5":0},"b":{"0":[0,1],"1":[1,0],"2":[0,0],"3":[0,0],"4":[0,4]},"_coverageSchema":"1a1c01bbd47fc00a2c39e90264f33305004495a9","hash":"d6e8dd0067c0ed5a9df329de0ec18dbd46602810"}
,"C:\\Users\\adria\\Downloads\\WorkConnect-main\\WorkConnect-main\\controllers\\userController.js": {"path":"C:\\Users\\adria\\Downloads\\WorkConnect-main\\WorkConnect-main\\controllers\\userController.js","statementMap":{"0":{"start":{"line":2,"column":20},"end":{"line":2,"column":54}},"1":{"start":{"line":4,"column":18},"end":{"line":12,"column":1}},"2":{"start":{"line":5,"column":4},"end":{"line":11,"column":5}},"3":{"start":{"line":6,"column":22},"end":{"line":6,"column":53}},"4":{"start":{"line":7,"column":8},"end":{"line":7,"column":24}},"5":{"start":{"line":9,"column":8},"end":{"line":9,"column":57}},"6":{"start":{"line":10,"column":8},"end":{"line":10,"column":70}},"7":{"start":{"line":14,"column":0},"end":{"line":14,"column":31}}},"fnMap":{"0":{"name":"(anonymous_0)","decl":{"start":{"line":4,"column":18},"end":{"line":4,"column":19}},"loc":{"start":{"line":4,"column":38},"end":{"line":12,"column":1}},"line":4}},"branchMap":{},"s":{"0":3,"1":3,"2":1,"3":1,"4":1,"5":0,"6":0,"7":3},"f":{"0":1},"b":{},"_coverageSchema":"1a1c01bbd47fc00a2c39e90264f33305004495a9","hash":"dcd2cb4308893e9c5e42fcac6de968fdec4b74de"}
,"C:\\Users\\adria\\Downloads\\WorkConnect-main\\WorkConnect-main\\middleware\\authMiddleware.js": {"path":"C:\\Users\\adria\\Downloads\\WorkConnect-main\\WorkConnect-main\\middleware\\authMiddleware.js","statementMap":{"0":{"start":{"line":2,"column":12},"end":{"line":2,"column":35}},"1":{"start":{"line":3,"column":19},"end":{"line":3,"column":43}},"2":{"start":{"line":7,"column":20},"end":{"line":25,"column":1}},"3":{"start":{"line":8,"column":23},"end":{"line":8,"column":51}},"4":{"start":{"line":9,"column":18},"end":{"line":9,"column":56}},"5":{"start":{"line":11,"column":4},"end":{"line":13,"column":5}},"6":{"start":{"line":12,"column":8},"end":{"line":12,"column":88}},"7":{"start":{"line":15,"column":4},"end":{"line":24,"column":7}},"8":{"start":{"line":16,"column":8},"end":{"line":19,"column":9}},"9":{"start":{"line":17,"column":12},"end":{"line":17,"column":72}},"10":{"start":{"line":18,"column":12},"end":{"line":18,"column":84}},"11":{"start":{"line":22,"column":8},"end":{"line":22,"column":24}},"12":{"start":{"line":23,"column":8},"end":{"line":23,"column":15}},"13":{"start":{"line":27,"column":0},"end":{"line":27,"column":33}}},"fnMap":{"0":{"name":"(anonymous_0)","decl":{"start":{"line":7,"column":20},"end":{"line":7,"column":21}},"loc":{"start":{"line":7,"column":40},"end":{"line":25,"column":1}},"line":7},"1":{"name":"(anonymous_1)","decl":{"start":{"line":15,"column":34},"end":{"line":15,"column":35}},"loc":{"start":{"line":15,"column":49},"end":{"line":24,"column":5}},"line":15}},"branchMap":{"0":{"loc":{"start":{"line":9,"column":18},"end":{"line":9,"column":56}},"type":"binary-expr","locations":[{"start":{"line":9,"column":18},"end":{"line":9,"column":28}},{"start":{"line":9,"column":32},"end":{"line":9,"column":56}}],"line":9},"1":{"loc":{"start":{"line":11,"column":4},"end":{"line":13,"column":5}},"type":"if","locations":[{"start":{"line":11,"column":4},"end":{"line":13,"column":5}},{"start":{},"end":{}}],"line":11},"2":{"loc":{"start":{"line":16,"column":8},"end":{"line":19,"column":9}},"type":"if","locations":[{"start":{"line":16,"column":8},"end":{"line":19,"column":9}},{"start":{},"end":{}}],"line":16}},"s":{"0":3,"1":3,"2":3,"3":32,"4":32,"5":32,"6":0,"7":32,"8":32,"9":0,"10":0,"11":32,"12":32,"13":3},"f":{"0":32,"1":32},"b":{"0":[32,32],"1":[0,32],"2":[0,32]},"_coverageSchema":"1a1c01bbd47fc00a2c39e90264f33305004495a9","hash":"fef692b8e2320187777639dce264f6c846155ee9"}
,"C:\\Users\\adria\\Downloads\\WorkConnect-main\\WorkConnect-main\\middleware\\roleMiddleware.js": {"path":"C:\\Users\\adria\\Downloads\\WorkConnect-main\\WorkConnect-main\\middleware\\roleMiddleware.js","statementMap":{"0":{"start":{"line":4,"column":18},"end":{"line":15,"column":1}},"1":{"start":{"line":5,"column":4},"end":{"line":14,"column":6}},"2":{"start":{"line":7,"column":25},"end":{"line":7,"column":38}},"3":{"start":{"line":9,"column":8},"end":{"line":13,"column":9}},"4":{"start":{"line":10,"column":12},"end":{"line":10,"column":19}},"5":{"start":{"line":12,"column":12},"end":{"line":12,"column":106}},"6":{"start":{"line":17,"column":0},"end":{"line":17,"column":31}}},"fnMap":{"0":{"name":"(anonymous_0)","decl":{"start":{"line":4,"column":18},"end":{"line":4,"column":19}},"loc":{"start":{"line":4,"column":29},"end":{"line":15,"column":1}},"line":4},"1":{"name":"(anonymous_1)","decl":{"start":{"line":5,"column":11},"end":{"line":5,"column":12}},"loc":{"start":{"line":5,"column":31},"end":{"line":14,"column":5}},"line":5}},"branchMap":{"0":{"loc":{"start":{"line":9,"column":8},"end":{"line":13,"column":9}},"type":"if","locations":[{"start":{"line":9,"column":8},"end":{"line":13,"column":9}},{"start":{"line":11,"column":15},"end":{"line":13,"column":9}}],"line":9},"1":{"loc":{"start":{"line":9,"column":12},"end":{"line":9,"column":48}},"type":"binary-expr","locations":[{"start":{"line":9,"column":12},"end":{"line":9,"column":20}},{"start":{"line":9,"column":24},"end":{"line":9,"column":48}}],"line":9}},"s":{"0":3,"1":27,"2":20,"3":20,"4":17,"5":3,"6":3},"f":{"0":27,"1":20},"b":{"0":[17,3],"1":[20,20]},"_coverageSchema":"1a1c01bbd47fc00a2c39e90264f33305004495a9","hash":"4a50e7c149d188e289435755c3b674e3e292c413"}
,"C:\\Users\\adria\\Downloads\\WorkConnect-main\\WorkConnect-main\\repositories\\contactRepository.js": {"path":"C:\\Users\\adria\\Downloads\\WorkConnect-main\\WorkConnect-main\\repositories\\contactRepository.js","statementMap":{"0":{"start":{"line":2,"column":13},"end":{"line":2,"column":42}},"1":{"start":{"line":6,"column":15},"end":{"line":10,"column":1}},"2":{"start":{"line":7,"column":16},"end":{"line":7,"column":86}},"3":{"start":{"line":8,"column":21},"end":{"line":8,"column":77}},"4":{"start":{"line":9,"column":4},"end":{"line":9,"column":18}},"5":{"start":{"line":14,"column":29},"end":{"line":23,"column":1}},"6":{"start":{"line":15,"column":16},"end":{"line":20,"column":5}},"7":{"start":{"line":21,"column":26},"end":{"line":21,"column":67}},"8":{"start":{"line":22,"column":4},"end":{"line":22,"column":23}},"9":{"start":{"line":27,"column":28},"end":{"line":37,"column":1}},"10":{"start":{"line":28,"column":16},"end":{"line":34,"column":5}},"11":{"start":{"line":35,"column":28},"end":{"line":35,"column":68}},"12":{"start":{"line":36,"column":4},"end":{"line":36,"column":25}},"13":{"start":{"line":39,"column":0},"end":{"line":43,"column":2}}},"fnMap":{"0":{"name":"(anonymous_0)","decl":{"start":{"line":6,"column":15},"end":{"line":6,"column":16}},"loc":{"start":{"line":6,"column":56},"end":{"line":10,"column":1}},"line":6},"1":{"name":"(anonymous_1)","decl":{"start":{"line":14,"column":29},"end":{"line":14,"column":30}},"loc":{"start":{"line":14,"column":55},"end":{"line":23,"column":1}},"line":14},"2":{"name":"(anonymous_2)","decl":{"start":{"line":27,"column":28},"end":{"line":27,"column":29}},"loc":{"start":{"line":27,"column":53},"end":{"line":37,"column":1}},"line":27}},"branchMap":{},"s":{"0":3,"1":3,"2":2,"3":2,"4":2,"5":3,"6":1,"7":1,"8":1,"9":3,"10":0,"11":0,"12":0,"13":3},"f":{"0":2,"1":1,"2":0},"b":{},"_coverageSchema":"1a1c01bbd47fc00a2c39e90264f33305004495a9","hash":"7b7f825c8e234ad3ddf58326d7afe46695434bd2"}
,"C:\\Users\\adria\\Downloads\\WorkConnect-main\\WorkConnect-main\\repositories\\evaluationRepository.js": {"path":"C:\\Users\\adria\\Downloads\\WorkConnect-main\\WorkConnect-main\\repositories\\evaluationRepository.js","statementMap":{"0":{"start":{"line":2,"column":13},"end":{"line":2,"column":42}},"1":{"start":{"line":5,"column":15},"end":{"line":11,"column":1}},"2":{"start":{"line":6,"column":16},"end":{"line":9,"column":5}},"3":{"start":{"line":10,"column":4},"end":{"line":10,"column":80}},"4":{"start":{"line":14,"column":26},"end":{"line":24,"column":1}},"5":{"start":{"line":15,"column":16},"end":{"line":21,"column":5}},"6":{"start":{"line":22,"column":26},"end":{"line":22,"column":64}},"7":{"start":{"line":23,"column":4},"end":{"line":23,"column":23}},"8":{"start":{"line":26,"column":25},"end":{"line":32,"column":1}},"9":{"start":{"line":27,"column":19},"end":{"line":30,"column":5}},"10":{"start":{"line":31,"column":4},"end":{"line":31,"column":30}},"11":{"start":{"line":34,"column":0},"end":{"line":38,"column":2}}},"fnMap":{"0":{"name":"(anonymous_0)","decl":{"start":{"line":5,"column":15},"end":{"line":5,"column":16}},"loc":{"start":{"line":5,"column":69},"end":{"line":11,"column":1}},"line":5},"1":{"name":"(anonymous_1)","decl":{"start":{"line":14,"column":26},"end":{"line":14,"column":27}},"loc":{"start":{"line":14,"column":49},"end":{"line":24,"column":1}},"line":14},"2":{"name":"(anonymous_2)","decl":{"start":{"line":26,"column":25},"end":{"line":26,"column":26}},"loc":{"start":{"line":26,"column":48},"end":{"line":32,"column":1}},"line":26}},"branchMap":{"0":{"loc":{"start":{"line":10,"column":64},"end":{"line":10,"column":77}},"type":"binary-expr","locations":[{"start":{"line":10,"column":64},"end":{"line":10,"column":71}},{"start":{"line":10,"column":75},"end":{"line":10,"column":77}}],"line":10}},"s":{"0":3,"1":3,"2":1,"3":1,"4":3,"5":1,"6":1,"7":1,"8":3,"9":1,"10":1,"11":3},"f":{"0":1,"1":1,"2":1},"b":{"0":[1,0]},"_coverageSchema":"1a1c01bbd47fc00a2c39e90264f33305004495a9","hash":"d9792eaf215ab0828e56195bbfa33a1a728e81a9"}
,"C:\\Users\\adria\\Downloads\\WorkConnect-main\\WorkConnect-main\\repositories\\messageRepository.js": {"path":"C:\\Users\\adria\\Downloads\\WorkConnect-main\\WorkConnect-main\\repositories\\messageRepository.js","statementMap":{"0":{"start":{"line":2,"column":13},"end":{"line":2,"column":42}},"1":{"start":{"line":5,"column":24},"end":{"line":13,"column":1}},"2":{"start":{"line":6,"column":16},"end":{"line":10,"column":5}},"3":{"start":{"line":11,"column":22},"end":{"line":11,"column":87}},"4":{"start":{"line":12,"column":4},"end":{"line":12,"column":19}},"5":{"start":{"line":15,"column":0},"end":{"line":15,"column":37}}},"fnMap":{"0":{"name":"(anonymous_0)","decl":{"start":{"line":5,"column":24},"end":{"line":5,"column":25}},"loc":{"start":{"line":5,"column":54},"end":{"line":13,"column":1}},"line":5}},"branchMap":{},"s":{"0":3,"1":3,"2":1,"3":1,"4":1,"5":3},"f":{"0":1},"b":{},"_coverageSchema":"1a1c01bbd47fc00a2c39e90264f33305004495a9","hash":"3b7b27306af8947e9eba877c22dc06f2dd9095c9"}
,"C:\\Users\\adria\\Downloads\\WorkConnect-main\\WorkConnect-main\\repositories\\serviceRepository.js": {"path":"C:\\Users\\adria\\Downloads\\WorkConnect-main\\WorkConnect-main\\repositories\\serviceRepository.js","statementMap":{"0":{"start":{"line":2,"column":13},"end":{"line":2,"column":42}},"1":{"start":{"line":6,"column":28},"end":{"line":16,"column":1}},"2":{"start":{"line":7,"column":16},"end":{"line":13,"column":5}},"3":{"start":{"line":14,"column":23},"end":{"line":14,"column":79}},"4":{"start":{"line":15,"column":4},"end":{"line":15,"column":31}},"5":{"start":{"line":20,"column":28},"end":{"line":28,"column":1}},"6":{"start":{"line":21,"column":23},"end":{"line":26,"column":5}},"7":{"start":{"line":27,"column":4},"end":{"line":27,"column":20}},"8":{"start":{"line":31,"column":15},"end":{"line":35,"column":1}},"9":{"start":{"line":32,"column":16},"end":{"line":32,"column":97}},"10":{"start":{"line":33,"column":21},"end":{"line":33,"column":88}},"11":{"start":{"line":34,"column":4},"end":{"line":34,"column":27}},"12":{"start":{"line":39,"column":16},"end":{"line":47,"column":1}},"13":{"start":{"line":40,"column":16},"end":{"line":44,"column":5}},"14":{"start":{"line":45,"column":21},"end":{"line":45,"column":73}},"15":{"start":{"line":46,"column":4},"end":{"line":46,"column":31}},"16":{"start":{"line":51,"column":26},"end":{"line":61,"column":1}},"17":{"start":{"line":52,"column":16},"end":{"line":58,"column":5}},"18":{"start":{"line":59,"column":21},"end":{"line":59,"column":81}},"19":{"start":{"line":60,"column":4},"end":{"line":60,"column":31}},"20":{"start":{"line":65,"column":26},"end":{"line":76,"column":1}},"21":{"start":{"line":66,"column":16},"end":{"line":73,"column":5}},"22":{"start":{"line":74,"column":21},"end":{"line":74,"column":81}},"23":{"start":{"line":75,"column":4},"end":{"line":75,"column":31}},"24":{"start":{"line":80,"column":34},"end":{"line":90,"column":1}},"25":{"start":{"line":81,"column":16},"end":{"line":87,"column":5}},"26":{"start":{"line":88,"column":23},"end":{"line":88,"column":76}},"27":{"start":{"line":89,"column":4},"end":{"line":89,"column":20}},"28":{"start":{"line":92,"column":34},"end":{"line":98,"column":1}},"29":{"start":{"line":93,"column":19},"end":{"line":96,"column":5}},"30":{"start":{"line":97,"column":4},"end":{"line":97,"column":30}},"31":{"start":{"line":100,"column":32},"end":{"line":106,"column":1}},"32":{"start":{"line":101,"column":19},"end":{"line":104,"column":5}},"33":{"start":{"line":105,"column":4},"end":{"line":105,"column":30}},"34":{"start":{"line":108,"column":0},"end":{"line":118,"column":2}}},"fnMap":{"0":{"name":"(anonymous_0)","decl":{"start":{"line":6,"column":28},"end":{"line":6,"column":29}},"loc":{"start":{"line":6,"column":69},"end":{"line":16,"column":1}},"line":6},"1":{"name":"(anonymous_1)","decl":{"start":{"line":20,"column":28},"end":{"line":20,"column":29}},"loc":{"start":{"line":20,"column":69},"end":{"line":28,"column":1}},"line":20},"2":{"name":"(anonymous_2)","decl":{"start":{"line":31,"column":15},"end":{"line":31,"column":16}},"loc":{"start":{"line":31,"column":56},"end":{"line":35,"column":1}},"line":31},"3":{"name":"(anonymous_3)","decl":{"start":{"line":39,"column":16},"end":{"line":39,"column":17}},"loc":{"start":{"line":39,"column":53},"end":{"line":47,"column":1}},"line":39},"4":{"name":"(anonymous_4)","decl":{"start":{"line":51,"column":26},"end":{"line":51,"column":27}},"loc":{"start":{"line":51,"column":55},"end":{"line":61,"column":1}},"line":51},"5":{"name":"(anonymous_5)","decl":{"start":{"line":65,"column":26},"end":{"line":65,"column":27}},"loc":{"start":{"line":65,"column":55},"end":{"line":76,"column":1}},"line":65},"6":{"name":"(anonymous_6)","decl":{"start":{"line":80,"column":34},"end":{"line":80,"column":35}},"loc":{"start":{"line":80,"column":58},"end":{"line":90,"column":1}},"line":80},"7":{"name":"(anonymous_7)","decl":{"start":{"line":92,"column":34},"end":{"line":92,"column":35}},"loc":{"start":{"line":92,"column":60},"end":{"line":98,"column":1}},"line":92},"8":{"name":"(anonymous_8)","decl":{"start":{"line":100,"column":32},"end":{"line":100,"column":33}},"loc":{"start":{"line":100,"column":58},"end":{"line":106,"column":1}},"line":100}},"branchMap":{"0":{"loc":{"start":{"line":15,"column":11},"end":{"line":15,"column":30}},"type":"binary-expr","locations":[{"start":{"line":15,"column":11},"end":{"line":15,"column":22}},{"start":{"line":15,"column":26},"end":{"line":15,"column":30}}],"line":15},"1":{"loc":{"start":{"line":97,"column":11},"end":{"line":97,"column":29}},"type":"binary-expr","locations":[{"start":{"line":97,"column":11},"end":{"line":97,"column":24}},{"start":{"line":97,"column":28},"end":{"line":97,"column":29}}],"line":97},"2":{"loc":{"start":{"line":105,"column":11},"end":{"line":105,"column":29}},"type":"binary-expr","locations":[{"start":{"line":105,"column":11},"end":{"line":105,"column":24}},{"start":{"line":105,"column":28},"end":{"line":105,"column":29}}],"line":105}},"s":{"0":3,"1":3,"2":0,"3":0,"4":0,"5":3,"6":4,"7":4,"8":3,"9":4,"10":4,"11":4,"12":3,"13":4,"14":4,"15":4,"16":3,"17":3,"18":3,"19":3,"20":3,"21":3,"22":3,"23":3,"24":3,"25":2,"26":2,"27":2,"28":3,"29":1,"30":1,"31":3,"32":1,"33":1,"34":3},"f":{"0":0,"1":4,"2":4,"3":4,"4":3,"5":3,"6":2,"7":1,"8":1},"b":{"0":[0,0],"1":[1,1],"2":[1,1]},"_coverageSchema":"1a1c01bbd47fc00a2c39e90264f33305004495a9","hash":"97c86cc94f551325ed855ec0b9bfe1fcea55ab4f"}
,"C:\\Users\\adria\\Downloads\\WorkConnect-main\\WorkConnect-main\\repositories\\userRepository.js": {"path":"C:\\Users\\adria\\Downloads\\WorkConnect-main\\WorkConnect-main\\repositories\\userRepository.js","statementMap":{"0":{"start":{"line":2,"column":13},"end":{"line":2,"column":42}},"1":{"start":{"line":6,"column":30},"end":{"line":12,"column":1}},"2":{"start":{"line":7,"column":20},"end":{"line":10,"column":5}},"3":{"start":{"line":11,"column":4},"end":{"line":11,"column":17}},"4":{"start":{"line":16,"column":20},"end":{"line":19,"column":1}},"5":{"start":{"line":17,"column":20},"end":{"line":17,"column":86}},"6":{"start":{"line":18,"column":4},"end":{"line":18,"column":28}},"7":{"start":{"line":22,"column":17},"end":{"line":25,"column":1}},"8":{"start":{"line":23,"column":20},"end":{"line":23,"column":80}},"9":{"start":{"line":24,"column":4},"end":{"line":24,"column":28}},"10":{"start":{"line":28,"column":15},"end":{"line":67,"column":1}},"11":{"start":{"line":47,"column":8},"end":{"line":47,"column":16}},"12":{"start":{"line":49,"column":16},"end":{"line":56,"column":5}},"13":{"start":{"line":59,"column":19},"end":{"line":63,"column":5}},"14":{"start":{"line":65,"column":21},"end":{"line":65,"column":52}},"15":{"start":{"line":66,"column":4},"end":{"line":66,"column":35}},"16":{"start":{"line":70,"column":15},"end":{"line":82,"column":1}},"17":{"start":{"line":72,"column":25},"end":{"line":72,"column":55}},"18":{"start":{"line":73,"column":22},"end":{"line":73,"column":74}},"19":{"start":{"line":73,"column":50},"end":{"line":73,"column":62}},"20":{"start":{"line":74,"column":19},"end":{"line":74,"column":57}},"21":{"start":{"line":74,"column":51},"end":{"line":74,"column":56}},"22":{"start":{"line":77,"column":4},"end":{"line":77,"column":20}},"23":{"start":{"line":79,"column":16},"end":{"line":79,"column":60}},"24":{"start":{"line":80,"column":21},"end":{"line":80,"column":52}},"25":{"start":{"line":81,"column":4},"end":{"line":81,"column":31}},"26":{"start":{"line":85,"column":15},"end":{"line":88,"column":1}},"27":{"start":{"line":86,"column":21},"end":{"line":86,"column":79}},"28":{"start":{"line":87,"column":4},"end":{"line":87,"column":31}},"29":{"start":{"line":91,"column":23},"end":{"line":97,"column":1}},"30":{"start":{"line":92,"column":21},"end":{"line":95,"column":5}},"31":{"start":{"line":96,"column":4},"end":{"line":96,"column":31}},"32":{"start":{"line":100,"column":25},"end":{"line":106,"column":1}},"33":{"start":{"line":101,"column":20},"end":{"line":104,"column":5}},"34":{"start":{"line":105,"column":4},"end":{"line":105,"column":28}},"35":{"start":{"line":110,"column":36},"end":{"line":116,"column":1}},"36":{"start":{"line":111,"column":21},"end":{"line":114,"column":5}},"37":{"start":{"line":115,"column":4},"end":{"line":115,"column":31}},"38":{"start":{"line":120,"column":29},"end":{"line":128,"column":1}},"39":{"start":{"line":121,"column":16},"end":{"line":125,"column":5}},"40":{"start":{"line":126,"column":28},"end":{"line":126,"column":69}},"41":{"start":{"line":127,"column":4},"end":{"line":127,"column":25}},"42":{"start":{"line":131,"column":41},"end":{"line":141,"column":1}},"43":{"start":{"line":132,"column":16},"end":{"line":137,"column":5}},"44":{"start":{"line":138,"column":23},"end":{"line":138,"column":36}},"45":{"start":{"line":139,"column":28},"end":{"line":139,"column":93}},"46":{"start":{"line":140,"column":4},"end":{"line":140,"column":25}},"47":{"start":{"line":143,"column":16},"end":{"line":149,"column":1}},"48":{"start":{"line":145,"column":20},"end":{"line":147,"column":5}},"49":{"start":{"line":148,"column":4},"end":{"line":148,"column":17}},"50":{"start":{"line":152,"column":0},"end":{"line":165,"column":2}}},"fnMap":{"0":{"name":"(anonymous_0)","decl":{"start":{"line":6,"column":30},"end":{"line":6,"column":31}},"loc":{"start":{"line":6,"column":57},"end":{"line":12,"column":1}},"line":6},"1":{"name":"(anonymous_1)","decl":{"start":{"line":16,"column":20},"end":{"line":16,"column":21}},"loc":{"start":{"line":16,"column":37},"end":{"line":19,"column":1}},"line":16},"2":{"name":"(anonymous_2)","decl":{"start":{"line":22,"column":17},"end":{"line":22,"column":18}},"loc":{"start":{"line":22,"column":31},"end":{"line":25,"column":1}},"line":22},"3":{"name":"(anonymous_3)","decl":{"start":{"line":28,"column":15},"end":{"line":28,"column":16}},"loc":{"start":{"line":28,"column":35},"end":{"line":67,"column":1}},"line":28},"4":{"name":"(anonymous_4)","decl":{"start":{"line":70,"column":15},"end":{"line":70,"column":16}},"loc":{"start":{"line":70,"column":45},"end":{"line":82,"column":1}},"line":70},"5":{"name":"(anonymous_5)","decl":{"start":{"line":73,"column":39},"end":{"line":73,"column":40}},"loc":{"start":{"line":73,"column":50},"end":{"line":73,"column":62}},"line":73},"6":{"name":"(anonymous_6)","decl":{"start":{"line":74,"column":36},"end":{"line":74,"column":37}},"loc":{"start":{"line":74,"column":51},"end":{"line":74,"column":56}},"line":74},"7":{"name":"(anonymous_7)","decl":{"start":{"line":85,"column":15},"end":{"line":85,"column":16}},"loc":{"start":{"line":85,"column":29},"end":{"line":88,"column":1}},"line":85},"8":{"name":"(anonymous_8)","decl":{"start":{"line":91,"column":23},"end":{"line":91,"column":24}},"loc":{"start":{"line":91,"column":53},"end":{"line":97,"column":1}},"line":91},"9":{"name":"(anonymous_9)","decl":{"start":{"line":100,"column":25},"end":{"line":100,"column":26}},"loc":{"start":{"line":100,"column":42},"end":{"line":106,"column":1}},"line":100},"10":{"name":"(anonymous_10)","decl":{"start":{"line":110,"column":36},"end":{"line":110,"column":37}},"loc":{"start":{"line":110,"column":66},"end":{"line":116,"column":1}},"line":110},"11":{"name":"(anonymous_11)","decl":{"start":{"line":120,"column":29},"end":{"line":120,"column":30}},"loc":{"start":{"line":120,"column":41},"end":{"line":128,"column":1}},"line":120},"12":{"name":"(anonymous_12)","decl":{"start":{"line":131,"column":41},"end":{"line":131,"column":42}},"loc":{"start":{"line":131,"column":59},"end":{"line":141,"column":1}},"line":131},"13":{"name":"(anonymous_13)","decl":{"start":{"line":143,"column":16},"end":{"line":143,"column":17}},"loc":{"start":{"line":143,"column":28},"end":{"line":149,"column":1}},"line":143}},"branchMap":{"0":{"loc":{"start":{"line":18,"column":11},"end":{"line":18,"column":27}},"type":"binary-expr","locations":[{"start":{"line":18,"column":11},"end":{"line":18,"column":19}},{"start":{"line":18,"column":23},"end":{"line":18,"column":27}}],"line":18},"1":{"loc":{"start":{"line":24,"column":11},"end":{"line":24,"column":27}},"type":"binary-expr","locations":[{"start":{"line":24,"column":11},"end":{"line":24,"column":19}},{"start":{"line":24,"column":23},"end":{"line":24,"column":27}}],"line":24},"2":{"loc":{"start":{"line":36,"column":8},"end":{"line":36,"column":23}},"type":"default-arg","locations":[{"start":{"line":36,"column":19},"end":{"line":36,"column":23}}],"line":36},"3":{"loc":{"start":{"line":37,"column":8},"end":{"line":37,"column":18}},"type":"default-arg","locations":[{"start":{"line":37,"column":14},"end":{"line":37,"column":18}}],"line":37},"4":{"loc":{"start":{"line":38,"column":8},"end":{"line":38,"column":18}},"type":"default-arg","locations":[{"start":{"line":38,"column":14},"end":{"line":38,"column":18}}],"line":38},"5":{"loc":{"start":{"line":39,"column":8},"end":{"line":39,"column":21}},"type":"default-arg","locations":[{"start":{"line":39,"column":17},"end":{"line":39,"column":21}}],"line":39},"6":{"loc":{"start":{"line":40,"column":8},"end":{"line":40,"column":26}},"type":"default-arg","locations":[{"start":{"line":40,"column":22},"end":{"line":40,"column":26}}],"line":40},"7":{"loc":{"start":{"line":41,"column":8},"end":{"line":41,"column":21}},"type":"default-arg","locations":[{"start":{"line":41,"column":17},"end":{"line":41,"column":21}}],"line":41},"8":{"loc":{"start":{"line":42,"column":8},"end":{"line":42,"column":21}},"type":"default-arg","locations":[{"start":{"line":42,"column":17},"end":{"line":42,"column":21}}],"line":42},"9":{"loc":{"start":{"line":43,"column":8},"end":{"line":43,"column":21}},"type":"default-arg","locations":[{"start":{"line":43,"column":17},"end":{"line":43,"column":21}}],"line":43},"10":{"loc":{"start":{"line":44,"column":8},"end":{"line":44,"column":22}},"type":"default-arg","locations":[{"start":{"line":44,"column":18},"end":{"line":44,"column":22}}],"line":44},"11":{"loc":{"start":{"line":45,"column":8},"end":{"line":45,"column":24}},"type":"default-arg","locations":[{"start":{"line":45,"column":20},"end":{"line":45,"column":24}}],"line":45},"12":{"loc":{"start":{"line":46,"column":8},"end":{"line":46,"column":20}},"type":"default-arg","locations":[{"start":{"line":46,"column":16},"end":{"line":46,"column":20}}],"line":46},"13":{"loc":{"start":{"line":105,"column":11},"end":{"line":105,"column":27}},"type":"binary-expr","locations":[{"start":{"line":105,"column":11},"end":{"line":105,"column":19}},{"start":{"line":105,"column":23},"end":{"line":105,"column":27}}],"line":105}},"s":{"0":3,"1":3,"2":92,"3":92,"4":3,"5":2,"6":2,"7":3,"8":0,"9":0,"10":3,"11":47,"12":47,"13":47,"14":47,"15":47,"16":3,"17":1,"18":1,"19":2,"20":1,"21":2,"22":1,"23":1,"24":1,"25":1,"26":3,"27":2,"28":2,"29":3,"30":2,"31":2,"32":3,"33":1,"34":1,"35":3,"36":1,"37":1,"38":3,"39":1,"40":1,"41":1,"42":3,"43":1,"44":1,"45":1,"46":1,"47":3,"48":1,"49":1,"50":3},"f":{"0":92,"1":2,"2":0,"3":47,"4":1,"5":2,"6":2,"7":2,"8":2,"9":1,"10":1,"11":1,"12":1,"13":1},"b":{"0":[2,0],"1":[0,0],"2":[47],"3":[47],"4":[47],"5":[47],"6":[47],"7":[47],"8":[47],"9":[47],"10":[47],"11":[47],"12":[47],"13":[1,0]},"_coverageSchema":"1a1c01bbd47fc00a2c39e90264f33305004495a9","hash":"63d6c40fdc3c54d3145415259bf2f35581ea1c39"}
,"C:\\Users\\adria\\Downloads\\WorkConnect-main\\WorkConnect-main\\routes\\authRoutes.js": {"path":"C:\\Users\\adria\\Downloads\\WorkConnect-main\\WorkConnect-main\\routes\\authRoutes.js","statementMap":{"0":{"start":{"line":2,"column":16},"end":{"line":2,"column":34}},"1":{"start":{"line":3,"column":15},"end":{"line":3,"column":31}},"2":{"start":{"line":4,"column":23},"end":{"line":4,"column":63}},"3":{"start":{"line":5,"column":24},"end":{"line":5,"column":63}},"4":{"start":{"line":8,"column":0},"end":{"line":8,"column":50}},"5":{"start":{"line":9,"column":0},"end":{"line":9,"column":44}},"6":{"start":{"line":10,"column":0},"end":{"line":10,"column":63}},"7":{"start":{"line":11,"column":0},"end":{"line":11,"column":61}},"8":{"start":{"line":14,"column":0},"end":{"line":14,"column":24}},"9":{"start":{"line":16,"column":0},"end":{"line":16,"column":52}},"10":{"start":{"line":17,"column":0},"end":{"line":17,"column":55}},"11":{"start":{"line":18,"column":0},"end":{"line":18,"column":58}},"12":{"start":{"line":21,"column":0},"end":{"line":21,"column":24}}},"fnMap":{},"branchMap":{},"s":{"0":3,"1":3,"2":3,"3":3,"4":3,"5":3,"6":3,"7":3,"8":3,"9":3,"10":3,"11":3,"12":3},"f":{},"b":{},"_coverageSchema":"1a1c01bbd47fc00a2c39e90264f33305004495a9","hash":"84f0a420e98bd741d623bdb1b38eada571063245"}
,"C:\\Users\\adria\\Downloads\\WorkConnect-main\\WorkConnect-main\\routes\\chatRoutes.js": {"path":"C:\\Users\\adria\\Downloads\\WorkConnect-main\\WorkConnect-main\\routes\\chatRoutes.js","statementMap":{"0":{"start":{"line":2,"column":16},"end":{"line":2,"column":34}},"1":{"start":{"line":3,"column":15},"end":{"line":3,"column":31}},"2":{"start":{"line":4,"column":23},"end":{"line":4,"column":63}},"3":{"start":{"line":7,"column":0},"end":{"line":10,"column":2}},"4":{"start":{"line":12,"column":0},"end":{"line":12,"column":24}}},"fnMap":{},"branchMap":{},"s":{"0":3,"1":3,"2":3,"3":3,"4":3},"f":{},"b":{},"_coverageSchema":"1a1c01bbd47fc00a2c39e90264f33305004495a9","hash":"c0550be92f7c40ca7ec4e28ae7c9e4220bd98571"}
,"C:\\Users\\adria\\Downloads\\WorkConnect-main\\WorkConnect-main\\routes\\contactRoutes.js": {"path":"C:\\Users\\adria\\Downloads\\WorkConnect-main\\WorkConnect-main\\routes\\contactRoutes.js","statementMap":{"0":{"start":{"line":2,"column":16},"end":{"line":2,"column":34}},"1":{"start":{"line":3,"column":15},"end":{"line":3,"column":31}},"2":{"start":{"line":4,"column":26},"end":{"line":4,"column":69}},"3":{"start":{"line":5,"column":22},"end":{"line":5,"column":61}},"4":{"start":{"line":8,"column":0},"end":{"line":12,"column":2}},"5":{"start":{"line":15,"column":0},"end":{"line":19,"column":2}},"6":{"start":{"line":22,"column":0},"end":{"line":26,"column":2}},"7":{"start":{"line":28,"column":0},"end":{"line":28,"column":24}}},"fnMap":{},"branchMap":{},"s":{"0":3,"1":3,"2":3,"3":3,"4":3,"5":3,"6":3,"7":3},"f":{},"b":{},"_coverageSchema":"1a1c01bbd47fc00a2c39e90264f33305004495a9","hash":"e08c9f16ff773bf18aa7c6ca9fbe7eec6c1bd705"}
,"C:\\Users\\adria\\Downloads\\WorkConnect-main\\WorkConnect-main\\routes\\evaluationRoutes.js": {"path":"C:\\Users\\adria\\Downloads\\WorkConnect-main\\WorkConnect-main\\routes\\evaluationRoutes.js","statementMap":{"0":{"start":{"line":2,"column":16},"end":{"line":2,"column":34}},"1":{"start":{"line":3,"column":15},"end":{"line":3,"column":31}},"2":{"start":{"line":4,"column":29},"end":{"line":4,"column":75}},"3":{"start":{"line":5,"column":22},"end":{"line":5,"column":61}},"4":{"start":{"line":8,"column":0},"end":{"line":12,"column":2}},"5":{"start":{"line":15,"column":0},"end":{"line":18,"column":2}},"6":{"start":{"line":20,"column":0},"end":{"line":20,"column":24}}},"fnMap":{},"branchMap":{},"s":{"0":3,"1":3,"2":3,"3":3,"4":3,"5":3,"6":3},"f":{},"b":{},"_coverageSchema":"1a1c01bbd47fc00a2c39e90264f33305004495a9","hash":"93eba16053548e08f9ba092ac03daf40bec50da9"}
,"C:\\Users\\adria\\Downloads\\WorkConnect-main\\WorkConnect-main\\routes\\professionalRoutes.js": {"path":"C:\\Users\\adria\\Downloads\\WorkConnect-main\\WorkConnect-main\\routes\\professionalRoutes.js","statementMap":{"0":{"start":{"line":2,"column":16},"end":{"line":2,"column":34}},"1":{"start":{"line":3,"column":15},"end":{"line":3,"column":31}},"2":{"start":{"line":4,"column":31},"end":{"line":4,"column":79}},"3":{"start":{"line":5,"column":22},"end":{"line":5,"column":61}},"4":{"start":{"line":8,"column":0},"end":{"line":12,"column":2}},"5":{"start":{"line":15,"column":0},"end":{"line":19,"column":2}},"6":{"start":{"line":21,"column":0},"end":{"line":21,"column":24}}},"fnMap":{},"branchMap":{},"s":{"0":3,"1":3,"2":3,"3":3,"4":3,"5":3,"6":3},"f":{},"b":{},"_coverageSchema":"1a1c01bbd47fc00a2c39e90264f33305004495a9","hash":"3624bcbbc9c76b68a940dccbf30433a162e0f902"}
,"C:\\Users\\adria\\Downloads\\WorkConnect-main\\WorkConnect-main\\routes\\serviceRoutes.js": {"path":"C:\\Users\\adria\\Downloads\\WorkConnect-main\\WorkConnect-main\\routes\\serviceRoutes.js","statementMap":{"0":{"start":{"line":2,"column":16},"end":{"line":2,"column":34}},"1":{"start":{"line":3,"column":15},"end":{"line":3,"column":31}},"2":{"start":{"line":4,"column":26},"end":{"line":4,"column":69}},"3":{"start":{"line":5,"column":22},"end":{"line":5,"column":61}},"4":{"start":{"line":8,"column":0},"end":{"line":12,"column":2}},"5":{"start":{"line":15,"column":0},"end":{"line":19,"column":2}},"6":{"start":{"line":22,"column":0},"end":{"line":25,"column":2}},"7":{"start":{"line":28,"column":0},"end":{"line":31,"column":2}},"8":{"start":{"line":34,"column":0},"end":{"line":37,"column":2}},"9":{"start":{"line":39,"column":0},"end":{"line":39,"column":24}}},"fnMap":{},"branchMap":{},"s":{"0":3,"1":3,"2":3,"3":3,"4":3,"5":3,"6":3,"7":3,"8":3,"9":3},"f":{},"b":{},"_coverageSchema":"1a1c01bbd47fc00a2c39e90264f33305004495a9","hash":"684eafff352744725e34914c129482d0a082885a"}
,"C:\\Users\\adria\\Downloads\\WorkConnect-main\\WorkConnect-main\\routes\\userRoutes.js": {"path":"C:\\Users\\adria\\Downloads\\WorkConnect-main\\WorkConnect-main\\routes\\userRoutes.js","statementMap":{"0":{"start":{"line":2,"column":16},"end":{"line":2,"column":34}},"1":{"start":{"line":3,"column":15},"end":{"line":3,"column":31}},"2":{"start":{"line":4,"column":23},"end":{"line":4,"column":63}},"3":{"start":{"line":5,"column":22},"end":{"line":5,"column":61}},"4":{"start":{"line":8,"column":0},"end":{"line":12,"column":2}},"5":{"start":{"line":14,"column":0},"end":{"line":14,"column":24}}},"fnMap":{},"branchMap":{},"s":{"0":3,"1":3,"2":3,"3":3,"4":3,"5":3},"f":{},"b":{},"_coverageSchema":"1a1c01bbd47fc00a2c39e90264f33305004495a9","hash":"629c659d7219b71f45480d4a6bb8b199d4422844"}
,"C:\\Users\\adria\\Downloads\\WorkConnect-main\\WorkConnect-main\\services\\authService.js": {"path":"C:\\Users\\adria\\Downloads\\WorkConnect-main\\WorkConnect-main\\services\\authService.js","statementMap":{"0":{"start":{"line":2,"column":23},"end":{"line":2,"column":64}},"1":{"start":{"line":3,"column":35},"end":{"line":3,"column":61}},"2":{"start":{"line":4,"column":15},"end":{"line":4,"column":32}},"3":{"start":{"line":5,"column":12},"end":{"line":5,"column":35}},"4":{"start":{"line":6,"column":15},"end":{"line":6,"column":32}},"5":{"start":{"line":7,"column":19},"end":{"line":7,"column":43}},"6":{"start":{"line":11,"column":17},"end":{"line":35,"column":1}},"7":{"start":{"line":12,"column":68},"end":{"line":12,"column":76}},"8":{"start":{"line":15,"column":4},"end":{"line":17,"column":5}},"9":{"start":{"line":16,"column":8},"end":{"line":16,"column":101}},"10":{"start":{"line":18,"column":4},"end":{"line":20,"column":5}},"11":{"start":{"line":19,"column":8},"end":{"line":19,"column":76}},"12":{"start":{"line":23,"column":26},"end":{"line":23,"column":85}},"13":{"start":{"line":24,"column":4},"end":{"line":26,"column":5}},"14":{"start":{"line":25,"column":8},"end":{"line":25,"column":65}},"15":{"start":{"line":29,"column":23},"end":{"line":29,"column":25}},"16":{"start":{"line":30,"column":27},"end":{"line":30,"column":66}},"17":{"start":{"line":33,"column":20},"end":{"line":33,"column":80}},"18":{"start":{"line":34,"column":4},"end":{"line":34,"column":46}},"19":{"start":{"line":39,"column":14},"end":{"line":65,"column":1}},"20":{"start":{"line":41,"column":4},"end":{"line":43,"column":5}},"21":{"start":{"line":42,"column":8},"end":{"line":42,"column":61}},"22":{"start":{"line":46,"column":19},"end":{"line":46,"column":81}},"23":{"start":{"line":47,"column":4},"end":{"line":49,"column":5}},"24":{"start":{"line":48,"column":8},"end":{"line":48,"column":55}},"25":{"start":{"line":52,"column":28},"end":{"line":52,"column":73}},"26":{"start":{"line":53,"column":4},"end":{"line":55,"column":5}},"27":{"start":{"line":54,"column":8},"end":{"line":54,"column":55}},"28":{"start":{"line":58,"column":18},"end":{"line":62,"column":5}},"29":{"start":{"line":64,"column":4},"end":{"line":64,"column":86}},"30":{"start":{"line":68,"column":19},"end":{"line":76,"column":1}},"31":{"start":{"line":69,"column":17},"end":{"line":69,"column":57}},"32":{"start":{"line":70,"column":4},"end":{"line":72,"column":5}},"33":{"start":{"line":71,"column":8},"end":{"line":71,"column":51}},"34":{"start":{"line":74,"column":75},"end":{"line":74,"column":79}},"35":{"start":{"line":75,"column":4},"end":{"line":75,"column":23}},"36":{"start":{"line":79,"column":22},"end":{"line":107,"column":1}},"37":{"start":{"line":80,"column":21},"end":{"line":80,"column":42}},"38":{"start":{"line":82,"column":4},"end":{"line":85,"column":5}},"39":{"start":{"line":83,"column":8},"end":{"line":83,"column":51}},"40":{"start":{"line":84,"column":8},"end":{"line":84,"column":31}},"41":{"start":{"line":87,"column":41},"end":{"line":87,"column":51}},"42":{"start":{"line":88,"column":26},"end":{"line":88,"column":37}},"43":{"start":{"line":91,"column":4},"end":{"line":95,"column":5}},"44":{"start":{"line":92,"column":27},"end":{"line":92,"column":29}},"45":{"start":{"line":93,"column":31},"end":{"line":93,"column":70}},"46":{"start":{"line":94,"column":8},"end":{"line":94,"column":50}},"47":{"start":{"line":97,"column":4},"end":{"line":99,"column":5}},"48":{"start":{"line":98,"column":8},"end":{"line":98,"column":69}},"49":{"start":{"line":102,"column":25},"end":{"line":102,"column":77}},"50":{"start":{"line":103,"column":4},"end":{"line":105,"column":5}},"51":{"start":{"line":104,"column":8},"end":{"line":104,"column":51}},"52":{"start":{"line":106,"column":4},"end":{"line":106,"column":57}},"53":{"start":{"line":111,"column":22},"end":{"line":117,"column":1}},"54":{"start":{"line":112,"column":25},"end":{"line":112,"column":60}},"55":{"start":{"line":113,"column":4},"end":{"line":115,"column":5}},"56":{"start":{"line":114,"column":8},"end":{"line":114,"column":51}},"57":{"start":{"line":116,"column":4},"end":{"line":116,"column":56}},"58":{"start":{"line":121,"column":23},"end":{"line":141,"column":1}},"59":{"start":{"line":122,"column":17},"end":{"line":122,"column":56}},"60":{"start":{"line":125,"column":4},"end":{"line":127,"column":5}},"61":{"start":{"line":126,"column":8},"end":{"line":126,"column":105}},"62":{"start":{"line":130,"column":18},"end":{"line":130,"column":56}},"63":{"start":{"line":131,"column":20},"end":{"line":131,"column":50}},"64":{"start":{"line":134,"column":4},"end":{"line":134,"column":65}},"65":{"start":{"line":137,"column":22},"end":{"line":137,"column":80}},"66":{"start":{"line":138,"column":4},"end":{"line":138,"column":51}},"67":{"start":{"line":140,"column":4},"end":{"line":140,"column":101}},"68":{"start":{"line":144,"column":22},"end":{"line":159,"column":1}},"69":{"start":{"line":146,"column":17},"end":{"line":146,"column":61}},"70":{"start":{"line":147,"column":4},"end":{"line":149,"column":5}},"71":{"start":{"line":148,"column":8},"end":{"line":148,"column":89}},"72":{"start":{"line":152,"column":23},"end":{"line":152,"column":25}},"73":{"start":{"line":153,"column":27},"end":{"line":153,"column":69}},"74":{"start":{"line":156,"column":4},"end":{"line":156,"column":78}},"75":{"start":{"line":158,"column":4},"end":{"line":158,"column":84}},"76":{"start":{"line":162,"column":0},"end":{"line":170,"column":2}}},"fnMap":{"0":{"name":"(anonymous_0)","decl":{"start":{"line":11,"column":17},"end":{"line":11,"column":18}},"loc":{"start":{"line":11,"column":37},"end":{"line":35,"column":1}},"line":11},"1":{"name":"(anonymous_1)","decl":{"start":{"line":39,"column":14},"end":{"line":39,"column":15}},"loc":{"start":{"line":39,"column":44},"end":{"line":65,"column":1}},"line":39},"2":{"name":"(anonymous_2)","decl":{"start":{"line":68,"column":19},"end":{"line":68,"column":20}},"loc":{"start":{"line":68,"column":40},"end":{"line":76,"column":1}},"line":68},"3":{"name":"(anonymous_3)","decl":{"start":{"line":79,"column":22},"end":{"line":79,"column":23}},"loc":{"start":{"line":79,"column":56},"end":{"line":107,"column":1}},"line":79},"4":{"name":"(anonymous_4)","decl":{"start":{"line":111,"column":22},"end":{"line":111,"column":23}},"loc":{"start":{"line":111,"column":40},"end":{"line":117,"column":1}},"line":111},"5":{"name":"(anonymous_5)","decl":{"start":{"line":121,"column":23},"end":{"line":121,"column":24}},"loc":{"start":{"line":121,"column":40},"end":{"line":141,"column":1}},"line":121},"6":{"name":"(anonymous_6)","decl":{"start":{"line":144,"column":22},"end":{"line":144,"column":23}},"loc":{"start":{"line":144,"column":52},"end":{"line":159,"column":1}},"line":144}},"branchMap":{"0":{"loc":{"start":{"line":15,"column":4},"end":{"line":17,"column":5}},"type":"if","locations":[{"start":{"line":15,"column":4},"end":{"line":17,"column":5}},{"start":{},"end":{}}],"line":15},"1":{"loc":{"start":{"line":15,"column":8},"end":{"line":15,"column":58}},"type":"binary-expr","locations":[{"start":{"line":15,"column":8},"end":{"line":15,"column":17}},{"start":{"line":15,"column":21},"end":{"line":15,"column":30}},{"start":{"line":15,"column":34},"end":{"line":15,"column":39}},{"start":{"line":15,"column":43},"end":{"line":15,"column":48}},{"start":{"line":15,"column":52},"end":{"line":15,"column":58}}],"line":15},"2":{"loc":{"start":{"line":18,"column":4},"end":{"line":20,"column":5}},"type":"if","locations":[{"start":{"line":18,"column":4},"end":{"line":20,"column":5}},{"start":{},"end":{}}],"line":18},"3":{"loc":{"start":{"line":24,"column":4},"end":{"line":26,"column":5}},"type":"if","locations":[{"start":{"line":24,"column":4},"end":{"line":26,"column":5}},{"start":{},"end":{}}],"line":24},"4":{"loc":{"start":{"line":41,"column":4},"end":{"line":43,"column":5}},"type":"if","locations":[{"start":{"line":41,"column":4},"end":{"line":43,"column":5}},{"start":{},"end":{}}],"line":41},"5":{"loc":{"start":{"line":41,"column":8},"end":{"line":41,"column":30}},"type":"binary-expr","locations":[{"start":{"line":41,"column":8},"end":{"line":41,"column":17}},{"start":{"line":41,"column":21},"end":{"line":41,"column":30}}],"line":41},"6":{"loc":{"start":{"line":47,"column":4},"end":{"line":49,"column":5}},"type":"if","locations":[{"start":{"line":47,"column":4},"end":{"line":49,"column":5}},{"start":{},"end":{}}],"line":47},"7":{"loc":{"start":{"line":53,"column":4},"end":{"line":55,"column":5}},"type":"if","locations":[{"start":{"line":53,"column":4},"end":{"line":55,"column":5}},{"start":{},"end":{}}],"line":53},"8":{"loc":{"start":{"line":70,"column":4},"end":{"line":72,"column":5}},"type":"if","locations":[{"start":{"line":70,"column":4},"end":{"line":72,"column":5}},{"start":{},"end":{}}],"line":70},"9":{"loc":{"start":{"line":82,"column":4},"end":{"line":85,"column":5}},"type":"if","locations":[{"start":{"line":82,"column":4},"end":{"line":85,"column":5}},{"start":{},"end":{}}],"line":82},"10":{"loc":{"start":{"line":91,"column":4},"end":{"line":95,"column":5}},"type":"if","locations":[{"start":{"line":91,"column":4},"end":{"line":95,"column":5}},{"start":{},"end":{}}],"line":91},"11":{"loc":{"start":{"line":97,"column":4},"end":{"line":99,"column":5}},"type":"if","locations":[{"start":{"line":97,"column":4},"end":{"line":99,"column":5}},{"start":{},"end":{}}],"line":97},"12":{"loc":{"start":{"line":103,"column":4},"end":{"line":105,"column":5}},"type":"if","locations":[{"start":{"line":103,"column":4},"end":{"line":105,"column":5}},{"start":{},"end":{}}],"line":103},"13":{"loc":{"start":{"line":113,"column":4},"end":{"line":115,"column":5}},"type":"if","locations":[{"start":{"line":113,"column":4},"end":{"line":115,"column":5}},{"start":{},"end":{}}],"line":113},"14":{"loc":{"start":{"line":125,"column":4},"end":{"line":127,"column":5}},"type":"if","locations":[{"start":{"line":125,"column":4},"end":{"line":127,"column":5}},{"start":{},"end":{}}],"line":125},"15":{"loc":{"start":{"line":147,"column":4},"end":{"line":149,"column":5}},"type":"if","locations":[{"start":{"line":147,"column":4},"end":{"line":149,"column":5}},{"start":{},"end":{}}],"line":147}},"s":{"0":3,"1":3,"2":3,"3":3,"4":3,"5":3,"6":3,"7":50,"8":50,"9":1,"10":49,"11":1,"12":48,"13":48,"14":1,"15":47,"16":47,"17":47,"18":47,"19":3,"20":44,"21":0,"22":44,"23":44,"24":1,"25":43,"26":43,"27":1,"28":42,"29":42,"30":3,"31":0,"32":0,"33":0,"34":0,"35":0,"36":3,"37":1,"38":1,"39":1,"40":1,"41":1,"42":1,"43":1,"44":0,"45":0,"46":0,"47":1,"48":0,"49":1,"50":1,"51":0,"52":1,"53":3,"54":2,"55":2,"56":0,"57":2,"58":3,"59":2,"60":2,"61":0,"62":2,"63":2,"64":2,"65":2,"66":2,"67":2,"68":3,"69":1,"70":1,"71":0,"72":1,"73":1,"74":1,"75":1,"76":3},"f":{"0":50,"1":44,"2":0,"3":1,"4":2,"5":2,"6":1},"b":{"0":[1,49],"1":[50,50,49,49,49],"2":[1,48],"3":[1,47],"4":[0,44],"5":[44,44],"6":[1,43],"7":[1,42],"8":[0,0],"9":[1,0],"10":[0,1],"11":[0,1],"12":[0,1],"13":[0,2],"14":[0,2],"15":[0,1]},"_coverageSchema":"1a1c01bbd47fc00a2c39e90264f33305004495a9","hash":"44254bd67babe28a891ad6e51ce418a4fc2ed205"}
,"C:\\Users\\adria\\Downloads\\WorkConnect-main\\WorkConnect-main\\services\\chatService.js": {"path":"C:\\Users\\adria\\Downloads\\WorkConnect-main\\WorkConnect-main\\services\\chatService.js","statementMap":{"0":{"start":{"line":2,"column":26},"end":{"line":2,"column":70}},"1":{"start":{"line":4,"column":23},"end":{"line":6,"column":1}},"2":{"start":{"line":5,"column":4},"end":{"line":5,"column":65}},"3":{"start":{"line":8,"column":0},"end":{"line":8,"column":36}}},"fnMap":{"0":{"name":"(anonymous_0)","decl":{"start":{"line":4,"column":23},"end":{"line":4,"column":24}},"loc":{"start":{"line":4,"column":47},"end":{"line":6,"column":1}},"line":4}},"branchMap":{},"s":{"0":3,"1":3,"2":1,"3":3},"f":{"0":1},"b":{},"_coverageSchema":"1a1c01bbd47fc00a2c39e90264f33305004495a9","hash":"da6a061c29800d61e922a67655a4d1d61ee0b524"}
,"C:\\Users\\adria\\Downloads\\WorkConnect-main\\WorkConnect-main\\services\\contactService.js": {"path":"C:\\Users\\adria\\Downloads\\WorkConnect-main\\WorkConnect-main\\services\\contactService.js","statementMap":{"0":{"start":{"line":2,"column":26},"end":{"line":2,"column":70}},"1":{"start":{"line":4,"column":22},"end":{"line":15,"column":1}},"2":{"start":{"line":5,"column":4},"end":{"line":14,"column":5}},"3":{"start":{"line":6,"column":8},"end":{"line":6,"column":70}},"4":{"start":{"line":7,"column":8},"end":{"line":7,"column":91}},"5":{"start":{"line":10,"column":8},"end":{"line":12,"column":9}},"6":{"start":{"line":11,"column":12},"end":{"line":11,"column":80}},"7":{"start":{"line":13,"column":8},"end":{"line":13,"column":20}},"8":{"start":{"line":17,"column":22},"end":{"line":19,"column":1}},"9":{"start":{"line":18,"column":4},"end":{"line":18,"column":66}},"10":{"start":{"line":21,"column":27},"end":{"line":23,"column":1}},"11":{"start":{"line":22,"column":4},"end":{"line":22,"column":64}},"12":{"start":{"line":25,"column":0},"end":{"line":29,"column":2}}},"fnMap":{"0":{"name":"(anonymous_0)","decl":{"start":{"line":4,"column":22},"end":{"line":4,"column":23}},"loc":{"start":{"line":4,"column":63},"end":{"line":15,"column":1}},"line":4},"1":{"name":"(anonymous_1)","decl":{"start":{"line":17,"column":22},"end":{"line":17,"column":23}},"loc":{"start":{"line":17,"column":42},"end":{"line":19,"column":1}},"line":17},"2":{"name":"(anonymous_2)","decl":{"start":{"line":21,"column":27},"end":{"line":21,"column":28}},"loc":{"start":{"line":21,"column":46},"end":{"line":23,"column":1}},"line":21}},"branchMap":{"0":{"loc":{"start":{"line":10,"column":8},"end":{"line":12,"column":9}},"type":"if","locations":[{"start":{"line":10,"column":8},"end":{"line":12,"column":9}},{"start":{},"end":{}}],"line":10}},"s":{"0":3,"1":3,"2":2,"3":2,"4":2,"5":0,"6":0,"7":0,"8":3,"9":1,"10":3,"11":0,"12":3},"f":{"0":2,"1":1,"2":0},"b":{"0":[0,0]},"_coverageSchema":"1a1c01bbd47fc00a2c39e90264f33305004495a9","hash":"e094381149d854b5895372ed3b4a18e06be29259"}
,"C:\\Users\\adria\\Downloads\\WorkConnect-main\\WorkConnect-main\\services\\evaluationService.js": {"path":"C:\\Users\\adria\\Downloads\\WorkConnect-main\\WorkConnect-main\\services\\evaluationService.js","statementMap":{"0":{"start":{"line":2,"column":29},"end":{"line":2,"column":76}},"1":{"start":{"line":3,"column":26},"end":{"line":3,"column":70}},"2":{"start":{"line":5,"column":25},"end":{"line":27,"column":1}},"3":{"start":{"line":7,"column":22},"end":{"line":7,"column":42}},"4":{"start":{"line":8,"column":4},"end":{"line":10,"column":5}},"5":{"start":{"line":9,"column":8},"end":{"line":9,"column":93}},"6":{"start":{"line":13,"column":30},"end":{"line":13,"column":106}},"7":{"start":{"line":14,"column":4},"end":{"line":16,"column":5}},"8":{"start":{"line":15,"column":8},"end":{"line":15,"column":115}},"9":{"start":{"line":18,"column":4},"end":{"line":26,"column":5}},"10":{"start":{"line":19,"column":8},"end":{"line":19,"column":89}},"11":{"start":{"line":20,"column":8},"end":{"line":20,"column":64}},"12":{"start":{"line":22,"column":8},"end":{"line":24,"column":9}},"13":{"start":{"line":23,"column":12},"end":{"line":23,"column":61}},"14":{"start":{"line":25,"column":8},"end":{"line":25,"column":20}},"15":{"start":{"line":29,"column":25},"end":{"line":31,"column":1}},"16":{"start":{"line":30,"column":4},"end":{"line":30,"column":63}},"17":{"start":{"line":33,"column":0},"end":{"line":36,"column":2}}},"fnMap":{"0":{"name":"(anonymous_0)","decl":{"start":{"line":5,"column":25},"end":{"line":5,"column":26}},"loc":{"start":{"line":5,"column":79},"end":{"line":27,"column":1}},"line":5},"1":{"name":"(anonymous_1)","decl":{"start":{"line":29,"column":25},"end":{"line":29,"column":26}},"loc":{"start":{"line":29,"column":42},"end":{"line":31,"column":1}},"line":29}},"branchMap":{"0":{"loc":{"start":{"line":8,"column":4},"end":{"line":10,"column":5}},"type":"if","locations":[{"start":{"line":8,"column":4},"end":{"line":10,"column":5}},{"start":{},"end":{}}],"line":8},"1":{"loc":{"start":{"line":8,"column":8},"end":{"line":8,"column":69}},"type":"binary-expr","locations":[{"start":{"line":8,"column":8},"end":{"line":8,"column":21}},{"start":{"line":8,"column":25},"end":{"line":8,"column":35}},{"start":{"line":8,"column":39},"end":{"line":8,"column":52}},{"start":{"line":8,"column":56},"end":{"line":8,"column":69}}],"line":8},"2":{"loc":{"start":{"line":14,"column":4},"end":{"line":16,"column":5}},"type":"if","locations":[{"start":{"line":14,"column":4},"end":{"line":16,"column":5}},{"start":{},"end":{}}],"line":14},"3":{"loc":{"start":{"line":22,"column":8},"end":{"line":24,"column":9}},"type":"if","locations":[{"start":{"line":22,"column":8},"end":{"line":24,"column":9}},{"start":{},"end":{}}],"line":22}},"s":{"0":3,"1":3,"2":3,"3":2,"4":2,"5":0,"6":2,"7":2,"8":1,"9":1,"10":1,"11":1,"12":0,"13":0,"14":0,"15":3,"16":1,"17":3},"f":{"0":2,"1":1},"b":{"0":[0,2],"1":[2,2,2,2],"2":[1,1],"3":[0,0]},"_coverageSchema":"1a1c01bbd47fc00a2c39e90264f33305004495a9","hash":"f3709a09465c34a69334be7994676e200061497d"}
,"C:\\Users\\adria\\Downloads\\WorkConnect-main\\WorkConnect-main\\services\\professionalService.js": {"path":"C:\\Users\\adria\\Downloads\\WorkConnect-main\\WorkConnect-main\\services\\professionalService.js","statementMap":{"0":{"start":{"line":2,"column":23},"end":{"line":2,"column":64}},"1":{"start":{"line":6,"column":26},"end":{"line":12,"column":1}},"2":{"start":{"line":7,"column":4},"end":{"line":11,"column":5}},"3":{"start":{"line":8,"column":8},"end":{"line":8,"column":71}},"4":{"start":{"line":10,"column":8},"end":{"line":10,"column":53}},"5":{"start":{"line":14,"column":0},"end":{"line":14,"column":39}}},"fnMap":{"0":{"name":"(anonymous_0)","decl":{"start":{"line":6,"column":26},"end":{"line":6,"column":27}},"loc":{"start":{"line":6,"column":44},"end":{"line":12,"column":1}},"line":6}},"branchMap":{"0":{"loc":{"start":{"line":7,"column":4},"end":{"line":11,"column":5}},"type":"if","locations":[{"start":{"line":7,"column":4},"end":{"line":11,"column":5}},{"start":{"line":9,"column":11},"end":{"line":11,"column":5}}],"line":7}},"s":{"0":3,"1":3,"2":2,"3":1,"4":1,"5":3},"f":{"0":2},"b":{"0":[1,1]},"_coverageSchema":"1a1c01bbd47fc00a2c39e90264f33305004495a9","hash":"02b8df9cb50548947091e070bbf208d8263005d4"}
,"C:\\Users\\adria\\Downloads\\WorkConnect-main\\WorkConnect-main\\services\\serviceService.js": {"path":"C:\\Users\\adria\\Downloads\\WorkConnect-main\\WorkConnect-main\\services\\serviceService.js","statementMap":{"0":{"start":{"line":2,"column":26},"end":{"line":2,"column":70}},"1":{"start":{"line":4,"column":23},"end":{"line":11,"column":1}},"2":{"start":{"line":5,"column":21},"end":{"line":5,"column":95}},"3":{"start":{"line":6,"column":4},"end":{"line":8,"column":5}},"4":{"start":{"line":7,"column":8},"end":{"line":7,"column":89}},"5":{"start":{"line":9,"column":22},"end":{"line":9,"column":83}},"6":{"start":{"line":10,"column":4},"end":{"line":10,"column":78}},"7":{"start":{"line":13,"column":23},"end":{"line":19,"column":1}},"8":{"start":{"line":14,"column":25},"end":{"line":14,"column":83}},"9":{"start":{"line":15,"column":4},"end":{"line":17,"column":5}},"10":{"start":{"line":16,"column":8},"end":{"line":16,"column":65}},"11":{"start":{"line":18,"column":4},"end":{"line":18,"column":56}},"12":{"start":{"line":21,"column":26},"end":{"line":27,"column":1}},"13":{"start":{"line":22,"column":25},"end":{"line":22,"column":85}},"14":{"start":{"line":23,"column":4},"end":{"line":25,"column":5}},"15":{"start":{"line":24,"column":8},"end":{"line":24,"column":74}},"16":{"start":{"line":26,"column":4},"end":{"line":26,"column":60}},"17":{"start":{"line":29,"column":26},"end":{"line":35,"column":1}},"18":{"start":{"line":30,"column":25},"end":{"line":30,"column":85}},"19":{"start":{"line":31,"column":4},"end":{"line":33,"column":5}},"20":{"start":{"line":32,"column":8},"end":{"line":32,"column":107}},"21":{"start":{"line":34,"column":4},"end":{"line":34,"column":84}},"22":{"start":{"line":37,"column":22},"end":{"line":52,"column":1}},"23":{"start":{"line":39,"column":4},"end":{"line":45,"column":5}},"24":{"start":{"line":40,"column":8},"end":{"line":40,"column":29}},"25":{"start":{"line":41,"column":8},"end":{"line":41,"column":37}},"26":{"start":{"line":43,"column":8},"end":{"line":43,"column":36}},"27":{"start":{"line":44,"column":8},"end":{"line":44,"column":30}},"28":{"start":{"line":47,"column":20},"end":{"line":47,"column":94}},"29":{"start":{"line":48,"column":4},"end":{"line":50,"column":5}},"30":{"start":{"line":49,"column":8},"end":{"line":49,"column":34}},"31":{"start":{"line":51,"column":4},"end":{"line":51,"column":19}},"32":{"start":{"line":54,"column":0},"end":{"line":60,"column":2}}},"fnMap":{"0":{"name":"(anonymous_0)","decl":{"start":{"line":4,"column":23},"end":{"line":4,"column":24}},"loc":{"start":{"line":4,"column":64},"end":{"line":11,"column":1}},"line":4},"1":{"name":"(anonymous_1)","decl":{"start":{"line":13,"column":23},"end":{"line":13,"column":24}},"loc":{"start":{"line":13,"column":60},"end":{"line":19,"column":1}},"line":13},"2":{"name":"(anonymous_2)","decl":{"start":{"line":21,"column":26},"end":{"line":21,"column":27}},"loc":{"start":{"line":21,"column":55},"end":{"line":27,"column":1}},"line":21},"3":{"name":"(anonymous_3)","decl":{"start":{"line":29,"column":26},"end":{"line":29,"column":27}},"loc":{"start":{"line":29,"column":55},"end":{"line":35,"column":1}},"line":29},"4":{"name":"(anonymous_4)","decl":{"start":{"line":37,"column":22},"end":{"line":37,"column":23}},"loc":{"start":{"line":37,"column":59},"end":{"line":52,"column":1}},"line":37}},"branchMap":{"0":{"loc":{"start":{"line":6,"column":4},"end":{"line":8,"column":5}},"type":"if","locations":[{"start":{"line":6,"column":4},"end":{"line":8,"column":5}},{"start":{},"end":{}}],"line":6},"1":{"loc":{"start":{"line":15,"column":4},"end":{"line":17,"column":5}},"type":"if","locations":[{"start":{"line":15,"column":4},"end":{"line":17,"column":5}},{"start":{},"end":{}}],"line":15},"2":{"loc":{"start":{"line":23,"column":4},"end":{"line":25,"column":5}},"type":"if","locations":[{"start":{"line":23,"column":4},"end":{"line":25,"column":5}},{"start":{},"end":{}}],"line":23},"3":{"loc":{"start":{"line":31,"column":4},"end":{"line":33,"column":5}},"type":"if","locations":[{"start":{"line":31,"column":4},"end":{"line":33,"column":5}},{"start":{},"end":{}}],"line":31},"4":{"loc":{"start":{"line":39,"column":4},"end":{"line":45,"column":5}},"type":"if","locations":[{"start":{"line":39,"column":4},"end":{"line":45,"column":5}},{"start":{"line":42,"column":11},"end":{"line":45,"column":5}}],"line":39},"5":{"loc":{"start":{"line":48,"column":4},"end":{"line":50,"column":5}},"type":"if","locations":[{"start":{"line":48,"column":4},"end":{"line":50,"column":5}},{"start":{},"end":{}}],"line":48}},"s":{"0":3,"1":3,"2":4,"3":4,"4":0,"5":4,"6":4,"7":3,"8":4,"9":4,"10":0,"11":4,"12":3,"13":3,"14":3,"15":0,"16":3,"17":3,"18":3,"19":3,"20":1,"21":2,"22":3,"23":0,"24":0,"25":0,"26":0,"27":0,"28":0,"29":0,"30":0,"31":0,"32":3},"f":{"0":4,"1":4,"2":3,"3":3,"4":0},"b":{"0":[0,4],"1":[0,4],"2":[0,3],"3":[1,2],"4":[0,0],"5":[0,0]},"_coverageSchema":"1a1c01bbd47fc00a2c39e90264f33305004495a9","hash":"efd14826f1c6beb8e41fea31ba48233334989ebf"}
,"C:\\Users\\adria\\Downloads\\WorkConnect-main\\WorkConnect-main\\services\\userService.js": {"path":"C:\\Users\\adria\\Downloads\\WorkConnect-main\\WorkConnect-main\\services\\userService.js","statementMap":{"0":{"start":{"line":2,"column":23},"end":{"line":2,"column":64}},"1":{"start":{"line":4,"column":20},"end":{"line":6,"column":1}},"2":{"start":{"line":5,"column":4},"end":{"line":5,"column":36}},"3":{"start":{"line":8,"column":0},"end":{"line":8,"column":33}}},"fnMap":{"0":{"name":"(anonymous_0)","decl":{"start":{"line":4,"column":20},"end":{"line":4,"column":21}},"loc":{"start":{"line":4,"column":32},"end":{"line":6,"column":1}},"line":4}},"branchMap":{},"s":{"0":3,"1":3,"2":1,"3":3},"f":{"0":1},"b":{},"_coverageSchema":"1a1c01bbd47fc00a2c39e90264f33305004495a9","hash":"b3715d752343805cdb15046220d52d238bd8d941"}
}
