TN:
SF:app.js
FN:24,(anonymous_0)
FN:51,(anonymous_1)
FN:54,(anonymous_2)
FN:57,(anonymous_3)
FN:60,(anonymous_4)
FN:63,(anonymous_5)
FNF:6
FNH:1
FNDA:129,(anonymous_0)
FNDA:0,(anonymous_1)
FNDA:0,(anonymous_2)
FNDA:0,(anonymous_3)
FNDA:0,(anonymous_4)
FNDA:0,(anonymous_5)
DA:1,3
DA:2,3
DA:3,3
DA:5,3
DA:8,3
DA:11,3
DA:12,3
DA:13,3
DA:14,3
DA:15,3
DA:16,3
DA:17,3
DA:20,3
DA:21,3
DA:24,3
DA:25,129
DA:26,129
DA:27,129
DA:28,0
DA:30,129
DA:31,129
DA:32,129
DA:33,129
DA:34,0
DA:36,129
DA:40,3
DA:42,3
DA:43,3
DA:44,3
DA:45,3
DA:46,3
DA:47,3
DA:48,3
DA:51,3
DA:52,0
DA:54,3
DA:55,0
DA:57,3
DA:58,0
DA:60,3
DA:61,0
DA:63,3
DA:64,0
DA:68,3
LF:44
LH:37
BRDA:27,0,0,0
BRDA:27,0,1,129
BRDA:33,1,0,0
BRDA:33,1,1,129
BRF:4
BRH:2
end_of_record
TN:
SF:config\email.js
FN:4,createEtherealTransporter
FN:28,sendPasswordResetEmail
FNF:2
FNH:2
FNDA:2,createEtherealTransporter
FNDA:2,sendPasswordResetEmail
DA:1,3
DA:6,2
DA:9,2
DA:10,2
DA:11,2
DA:14,2
DA:24,2
DA:29,2
DA:30,2
DA:33,2
DA:51,2
DA:54,2
DA:55,2
DA:56,2
DA:57,2
DA:58,2
DA:61,0
DA:66,3
LF:18
LH:17
BRF:0
BRH:0
end_of_record
TN:
SF:config\jwt.js
FNF:0
FNH:0
DA:1,3
LF:1
LH:1
BRF:0
BRH:0
end_of_record
TN:
SF:controllers\authController.js
FN:5,(anonymous_0)
FN:25,(anonymous_1)
FN:47,(anonymous_2)
FN:71,(anonymous_3)
FN:98,(anonymous_4)
FN:122,(anonymous_5)
FN:134,(anonymous_6)
FNF:7
FNH:6
FNDA:50,(anonymous_0)
FNDA:44,(anonymous_1)
FNDA:0,(anonymous_2)
FNDA:2,(anonymous_3)
FNDA:2,(anonymous_4)
FNDA:2,(anonymous_5)
FNDA:1,(anonymous_6)
DA:2,3
DA:5,3
DA:6,50
DA:7,50
DA:8,47
DA:13,3
DA:14,3
DA:15,2
DA:17,1
DA:18,1
DA:20,0
DA:25,3
DA:26,44
DA:27,44
DA:28,44
DA:30,42
DA:38,2
DA:39,2
DA:40,2
DA:42,0
DA:47,3
DA:48,0
DA:49,0
DA:50,0
DA:51,0
DA:54,0
DA:55,0
DA:58,0
DA:59,0
DA:62,0
DA:63,0
DA:64,0
DA:66,0
DA:71,3
DA:72,2
DA:73,2
DA:74,2
DA:75,2
DA:78,2
DA:79,1
DA:82,1
DA:83,1
DA:86,0
DA:87,0
DA:88,0
DA:90,0
DA:91,0
DA:93,0
DA:98,3
DA:99,2
DA:100,2
DA:101,2
DA:102,2
DA:105,2
DA:106,0
DA:109,2
DA:110,2
DA:113,0
DA:114,0
DA:115,0
DA:117,0
DA:122,3
DA:123,2
DA:124,2
DA:125,2
DA:126,2
DA:128,0
DA:129,0
DA:134,3
DA:135,1
DA:136,1
DA:137,1
DA:138,1
DA:140,0
DA:141,0
DA:142,0
DA:144,0
DA:149,3
LF:78
LH:47
BRDA:14,0,0,2
BRDA:14,0,1,1
BRDA:14,1,0,3
BRDA:14,1,1,2
BRDA:17,2,0,1
BRDA:17,2,1,0
BRDA:39,3,0,2
BRDA:39,3,1,0
BRDA:39,4,0,2
BRDA:39,4,1,2
BRDA:54,5,0,0
BRDA:54,5,1,0
BRDA:54,6,0,0
BRDA:54,6,1,0
BRDA:63,7,0,0
BRDA:63,7,1,0
BRDA:78,8,0,1
BRDA:78,8,1,1
BRDA:78,9,0,2
BRDA:78,9,1,1
BRDA:87,10,0,0
BRDA:87,10,1,0
BRDA:90,11,0,0
BRDA:90,11,1,0
BRDA:105,12,0,0
BRDA:105,12,1,2
BRDA:105,13,0,2
BRDA:105,13,1,1
BRDA:114,14,0,0
BRDA:114,14,1,0
BRDA:141,15,0,0
BRDA:141,15,1,0
BRF:32
BRH:15
end_of_record
TN:
SF:controllers\chatController.js
FN:4,(anonymous_0)
FNF:1
FNH:1
FNDA:1,(anonymous_0)
DA:2,3
DA:4,3
DA:5,1
DA:6,1
DA:7,1
DA:8,1
DA:10,0
DA:11,0
DA:15,3
LF:9
LH:7
BRF:0
BRH:0
end_of_record
TN:
SF:controllers\contactController.js
FN:4,(anonymous_0)
FN:25,(anonymous_1)
FN:36,(anonymous_2)
FNF:3
FNH:2
FNDA:2,(anonymous_0)
FNDA:1,(anonymous_1)
FNDA:0,(anonymous_2)
DA:2,3
DA:4,3
DA:5,2
DA:6,2
DA:7,2
DA:9,2
DA:10,0
DA:13,2
DA:14,2
DA:17,0
DA:18,0
DA:19,0
DA:21,0
DA:25,3
DA:26,1
DA:27,1
DA:28,1
DA:29,1
DA:31,0
DA:32,0
DA:36,3
DA:37,0
DA:38,0
DA:39,0
DA:40,0
DA:42,0
DA:43,0
DA:47,3
LF:28
LH:15
BRDA:9,0,0,0
BRDA:9,0,1,2
BRDA:18,1,0,0
BRDA:18,1,1,0
BRF:4
BRH:1
end_of_record
TN:
SF:controllers\evaluationController.js
FN:4,(anonymous_0)
FN:27,(anonymous_1)
FNF:2
FNH:2
FNDA:2,(anonymous_0)
FNDA:1,(anonymous_1)
DA:2,3
DA:4,3
DA:5,2
DA:6,2
DA:7,2
DA:9,2
DA:10,1
DA:13,1
DA:14,1
DA:15,0
DA:17,1
DA:18,1
DA:20,0
DA:21,0
DA:23,0
DA:27,3
DA:28,1
DA:29,1
DA:30,1
DA:31,1
DA:33,0
DA:34,0
DA:38,3
LF:23
LH:17
BRDA:14,0,0,0
BRDA:14,0,1,1
BRDA:17,1,0,1
BRDA:17,1,1,0
BRDA:20,2,0,0
BRDA:20,2,1,0
BRF:6
BRH:2
end_of_record
TN:
SF:controllers\professionalController.js
FN:6,(anonymous_0)
FN:18,(anonymous_1)
FNF:2
FNH:2
FNDA:2,(anonymous_0)
FNDA:1,(anonymous_1)
DA:2,3
DA:3,3
DA:4,3
DA:6,3
DA:7,2
DA:8,2
DA:9,2
DA:10,2
DA:12,0
DA:13,0
DA:18,3
DA:19,1
DA:21,1
DA:23,1
DA:24,1
DA:25,1
DA:32,1
DA:35,1
DA:41,1
DA:44,0
DA:45,0
DA:49,3
LF:22
LH:18
BRF:0
BRH:0
end_of_record
TN:
SF:controllers\serviceController.js
FN:5,(anonymous_0)
FN:23,(anonymous_1)
FN:37,(anonymous_2)
FN:48,(anonymous_3)
FN:59,(anonymous_4)
FN:70,(anonymous_5)
FNF:6
FNH:5
FNDA:1,(anonymous_0)
FNDA:4,(anonymous_1)
FNDA:4,(anonymous_2)
FNDA:3,(anonymous_3)
FNDA:3,(anonymous_4)
FNDA:0,(anonymous_5)
DA:2,3
DA:5,3
DA:6,1
DA:8,1
DA:9,0
DA:12,1
DA:13,1
DA:16,0
DA:17,0
DA:20,0
DA:23,3
DA:24,4
DA:25,4
DA:26,4
DA:27,4
DA:28,0
DA:30,4
DA:31,4
DA:33,0
DA:37,3
DA:38,4
DA:39,4
DA:40,4
DA:41,4
DA:42,4
DA:44,0
DA:48,3
DA:49,3
DA:50,3
DA:51,3
DA:52,3
DA:53,3
DA:55,0
DA:59,3
DA:60,3
DA:61,3
DA:62,3
DA:63,3
DA:64,2
DA:66,1
DA:70,3
DA:71,0
DA:72,0
DA:73,0
DA:74,0
DA:75,0
DA:76,0
DA:78,0
DA:79,0
DA:83,3
LF:50
LH:34
BRDA:8,0,0,0
BRDA:8,0,1,1
BRDA:12,1,0,1
BRDA:12,1,1,0
BRDA:16,2,0,0
BRDA:16,2,1,0
BRDA:16,3,0,0
BRDA:16,3,1,0
BRDA:27,4,0,0
BRDA:27,4,1,4
BRF:10
BRH:3
end_of_record
TN:
SF:controllers\userController.js
FN:4,(anonymous_0)
FNF:1
FNH:1
FNDA:1,(anonymous_0)
DA:2,3
DA:4,3
DA:5,1
DA:6,1
DA:7,1
DA:9,0
DA:10,0
DA:14,3
LF:8
LH:6
BRF:0
BRH:0
end_of_record
TN:
SF:middleware\authMiddleware.js
FN:7,(anonymous_0)
FN:15,(anonymous_1)
FNF:2
FNH:2
FNDA:32,(anonymous_0)
FNDA:32,(anonymous_1)
DA:2,3
DA:3,3
DA:7,3
DA:8,32
DA:9,32
DA:11,32
DA:12,0
DA:15,32
DA:16,32
DA:17,0
DA:18,0
DA:22,32
DA:23,32
DA:27,3
LF:14
LH:11
BRDA:9,0,0,32
BRDA:9,0,1,32
BRDA:11,1,0,0
BRDA:11,1,1,32
BRDA:16,2,0,0
BRDA:16,2,1,32
BRF:6
BRH:4
end_of_record
TN:
SF:middleware\roleMiddleware.js
FN:4,(anonymous_0)
FN:5,(anonymous_1)
FNF:2
FNH:2
FNDA:27,(anonymous_0)
FNDA:20,(anonymous_1)
DA:4,3
DA:5,27
DA:7,20
DA:9,20
DA:10,17
DA:12,3
DA:17,3
LF:7
LH:7
BRDA:9,0,0,17
BRDA:9,0,1,3
BRDA:9,1,0,20
BRDA:9,1,1,20
BRF:4
BRH:4
end_of_record
TN:
SF:repositories\contactRepository.js
FN:6,(anonymous_0)
FN:14,(anonymous_1)
FN:27,(anonymous_2)
FNF:3
FNH:2
FNDA:2,(anonymous_0)
FNDA:1,(anonymous_1)
FNDA:0,(anonymous_2)
DA:2,3
DA:6,3
DA:7,2
DA:8,2
DA:9,2
DA:14,3
DA:15,1
DA:21,1
DA:22,1
DA:27,3
DA:28,0
DA:35,0
DA:36,0
DA:39,3
LF:14
LH:11
BRF:0
BRH:0
end_of_record
TN:
SF:repositories\evaluationRepository.js
FN:5,(anonymous_0)
FN:14,(anonymous_1)
FN:26,(anonymous_2)
FNF:3
FNH:3
FNDA:1,(anonymous_0)
FNDA:1,(anonymous_1)
FNDA:1,(anonymous_2)
DA:2,3
DA:5,3
DA:6,1
DA:10,1
DA:14,3
DA:15,1
DA:22,1
DA:23,1
DA:26,3
DA:27,1
DA:31,1
DA:34,3
LF:12
LH:12
BRDA:10,0,0,1
BRDA:10,0,1,0
BRF:2
BRH:1
end_of_record
TN:
SF:repositories\messageRepository.js
FN:5,(anonymous_0)
FNF:1
FNH:1
FNDA:1,(anonymous_0)
DA:2,3
DA:5,3
DA:6,1
DA:11,1
DA:12,1
DA:15,3
LF:6
LH:6
BRF:0
BRH:0
end_of_record
TN:
SF:repositories\serviceRepository.js
FN:6,(anonymous_0)
FN:20,(anonymous_1)
FN:31,(anonymous_2)
FN:39,(anonymous_3)
FN:51,(anonymous_4)
FN:65,(anonymous_5)
FN:80,(anonymous_6)
FN:92,(anonymous_7)
FN:100,(anonymous_8)
FNF:9
FNH:8
FNDA:0,(anonymous_0)
FNDA:4,(anonymous_1)
FNDA:4,(anonymous_2)
FNDA:4,(anonymous_3)
FNDA:3,(anonymous_4)
FNDA:3,(anonymous_5)
FNDA:2,(anonymous_6)
FNDA:1,(anonymous_7)
FNDA:1,(anonymous_8)
DA:2,3
DA:6,3
DA:7,0
DA:14,0
DA:15,0
DA:20,3
DA:21,4
DA:27,4
DA:31,3
DA:32,4
DA:33,4
DA:34,4
DA:39,3
DA:40,4
DA:45,4
DA:46,4
DA:51,3
DA:52,3
DA:59,3
DA:60,3
DA:65,3
DA:66,3
DA:74,3
DA:75,3
DA:80,3
DA:81,2
DA:88,2
DA:89,2
DA:92,3
DA:93,1
DA:97,1
DA:100,3
DA:101,1
DA:105,1
DA:108,3
LF:35
LH:32
BRDA:15,0,0,0
BRDA:15,0,1,0
BRDA:97,1,0,1
BRDA:97,1,1,1
BRDA:105,2,0,1
BRDA:105,2,1,1
BRF:6
BRH:4
end_of_record
TN:
SF:repositories\userRepository.js
FN:6,(anonymous_0)
FN:16,(anonymous_1)
FN:22,(anonymous_2)
FN:28,(anonymous_3)
FN:70,(anonymous_4)
FN:73,(anonymous_5)
FN:74,(anonymous_6)
FN:85,(anonymous_7)
FN:91,(anonymous_8)
FN:100,(anonymous_9)
FN:110,(anonymous_10)
FN:120,(anonymous_11)
FN:131,(anonymous_12)
FN:143,(anonymous_13)
FNF:14
FNH:13
FNDA:92,(anonymous_0)
FNDA:2,(anonymous_1)
FNDA:0,(anonymous_2)
FNDA:47,(anonymous_3)
FNDA:1,(anonymous_4)
FNDA:2,(anonymous_5)
FNDA:2,(anonymous_6)
FNDA:2,(anonymous_7)
FNDA:2,(anonymous_8)
FNDA:1,(anonymous_9)
FNDA:1,(anonymous_10)
FNDA:1,(anonymous_11)
FNDA:1,(anonymous_12)
FNDA:1,(anonymous_13)
DA:2,3
DA:6,3
DA:7,92
DA:11,92
DA:16,3
DA:17,2
DA:18,2
DA:22,3
DA:23,0
DA:24,0
DA:28,3
DA:47,47
DA:49,47
DA:59,47
DA:65,47
DA:66,47
DA:70,3
DA:72,1
DA:73,2
DA:74,2
DA:77,1
DA:79,1
DA:80,1
DA:81,1
DA:85,3
DA:86,2
DA:87,2
DA:91,3
DA:92,2
DA:96,2
DA:100,3
DA:101,1
DA:105,1
DA:110,3
DA:111,1
DA:115,1
DA:120,3
DA:121,1
DA:126,1
DA:127,1
DA:131,3
DA:132,1
DA:138,1
DA:139,1
DA:140,1
DA:143,3
DA:145,1
DA:148,1
DA:152,3
LF:49
LH:47
BRDA:18,0,0,2
BRDA:18,0,1,0
BRDA:24,1,0,0
BRDA:24,1,1,0
BRDA:36,2,0,47
BRDA:37,3,0,47
BRDA:38,4,0,47
BRDA:39,5,0,47
BRDA:40,6,0,47
BRDA:41,7,0,47
BRDA:42,8,0,47
BRDA:43,9,0,47
BRDA:44,10,0,47
BRDA:45,11,0,47
BRDA:46,12,0,47
BRDA:105,13,0,1
BRDA:105,13,1,0
BRF:17
BRH:13
end_of_record
TN:
SF:routes\authRoutes.js
FNF:0
FNH:0
DA:2,3
DA:3,3
DA:4,3
DA:5,3
DA:8,3
DA:9,3
DA:10,3
DA:11,3
DA:14,3
DA:16,3
DA:17,3
DA:18,3
DA:21,3
LF:13
LH:13
BRF:0
BRH:0
end_of_record
TN:
SF:routes\chatRoutes.js
FNF:0
FNH:0
DA:2,3
DA:3,3
DA:4,3
DA:7,3
DA:12,3
LF:5
LH:5
BRF:0
BRH:0
end_of_record
TN:
SF:routes\contactRoutes.js
FNF:0
FNH:0
DA:2,3
DA:3,3
DA:4,3
DA:5,3
DA:8,3
DA:15,3
DA:22,3
DA:28,3
LF:8
LH:8
BRF:0
BRH:0
end_of_record
TN:
SF:routes\evaluationRoutes.js
FNF:0
FNH:0
DA:2,3
DA:3,3
DA:4,3
DA:5,3
DA:8,3
DA:15,3
DA:20,3
LF:7
LH:7
BRF:0
BRH:0
end_of_record
TN:
SF:routes\professionalRoutes.js
FNF:0
FNH:0
DA:2,3
DA:3,3
DA:4,3
DA:5,3
DA:8,3
DA:15,3
DA:21,3
LF:7
LH:7
BRF:0
BRH:0
end_of_record
TN:
SF:routes\serviceRoutes.js
FNF:0
FNH:0
DA:2,3
DA:3,3
DA:4,3
DA:5,3
DA:8,3
DA:15,3
DA:22,3
DA:28,3
DA:34,3
DA:39,3
LF:10
LH:10
BRF:0
BRH:0
end_of_record
TN:
SF:routes\userRoutes.js
FNF:0
FNH:0
DA:2,3
DA:3,3
DA:4,3
DA:5,3
DA:8,3
DA:14,3
LF:6
LH:6
BRF:0
BRH:0
end_of_record
TN:
SF:services\authService.js
FN:11,(anonymous_0)
FN:39,(anonymous_1)
FN:68,(anonymous_2)
FN:79,(anonymous_3)
FN:111,(anonymous_4)
FN:121,(anonymous_5)
FN:144,(anonymous_6)
FNF:7
FNH:6
FNDA:50,(anonymous_0)
FNDA:44,(anonymous_1)
FNDA:0,(anonymous_2)
FNDA:1,(anonymous_3)
FNDA:2,(anonymous_4)
FNDA:2,(anonymous_5)
FNDA:1,(anonymous_6)
DA:2,3
DA:3,3
DA:4,3
DA:5,3
DA:6,3
DA:7,3
DA:11,3
DA:12,50
DA:15,50
DA:16,1
DA:18,49
DA:19,1
DA:23,48
DA:24,48
DA:25,1
DA:29,47
DA:30,47
DA:33,47
DA:34,47
DA:39,3
DA:41,44
DA:42,0
DA:46,44
DA:47,44
DA:48,1
DA:52,43
DA:53,43
DA:54,1
DA:58,42
DA:64,42
DA:68,3
DA:69,0
DA:70,0
DA:71,0
DA:74,0
DA:75,0
DA:79,3
DA:80,1
DA:82,1
DA:83,1
DA:84,1
DA:87,1
DA:88,1
DA:91,1
DA:92,0
DA:93,0
DA:94,0
DA:97,1
DA:98,0
DA:102,1
DA:103,1
DA:104,0
DA:106,1
DA:111,3
DA:112,2
DA:113,2
DA:114,0
DA:116,2
DA:121,3
DA:122,2
DA:125,2
DA:126,0
DA:130,2
DA:131,2
DA:134,2
DA:137,2
DA:138,2
DA:140,2
DA:144,3
DA:146,1
DA:147,1
DA:148,0
DA:152,1
DA:153,1
DA:156,1
DA:158,1
DA:162,3
LF:77
LH:63
BRDA:15,0,0,1
BRDA:15,0,1,49
BRDA:15,1,0,50
BRDA:15,1,1,50
BRDA:15,1,2,49
BRDA:15,1,3,49
BRDA:15,1,4,49
BRDA:18,2,0,1
BRDA:18,2,1,48
BRDA:24,3,0,1
BRDA:24,3,1,47
BRDA:41,4,0,0
BRDA:41,4,1,44
BRDA:41,5,0,44
BRDA:41,5,1,44
BRDA:47,6,0,1
BRDA:47,6,1,43
BRDA:53,7,0,1
BRDA:53,7,1,42
BRDA:70,8,0,0
BRDA:70,8,1,0
BRDA:82,9,0,1
BRDA:82,9,1,0
BRDA:91,10,0,0
BRDA:91,10,1,1
BRDA:97,11,0,0
BRDA:97,11,1,1
BRDA:103,12,0,0
BRDA:103,12,1,1
BRDA:113,13,0,0
BRDA:113,13,1,2
BRDA:125,14,0,0
BRDA:125,14,1,2
BRDA:147,15,0,0
BRDA:147,15,1,1
BRF:35
BRH:25
end_of_record
TN:
SF:services\chatService.js
FN:4,(anonymous_0)
FNF:1
FNH:1
FNDA:1,(anonymous_0)
DA:2,3
DA:4,3
DA:5,1
DA:8,3
LF:4
LH:4
BRF:0
BRH:0
end_of_record
TN:
SF:services\contactService.js
FN:4,(anonymous_0)
FN:17,(anonymous_1)
FN:21,(anonymous_2)
FNF:3
FNH:2
FNDA:2,(anonymous_0)
FNDA:1,(anonymous_1)
FNDA:0,(anonymous_2)
DA:2,3
DA:4,3
DA:5,2
DA:6,2
DA:7,2
DA:10,0
DA:11,0
DA:13,0
DA:17,3
DA:18,1
DA:21,3
DA:22,0
DA:25,3
LF:13
LH:9
BRDA:10,0,0,0
BRDA:10,0,1,0
BRF:2
BRH:0
end_of_record
TN:
SF:services\evaluationService.js
FN:5,(anonymous_0)
FN:29,(anonymous_1)
FNF:2
FNH:2
FNDA:2,(anonymous_0)
FNDA:1,(anonymous_1)
DA:2,3
DA:3,3
DA:5,3
DA:7,2
DA:8,2
DA:9,0
DA:13,2
DA:14,2
DA:15,1
DA:18,1
DA:19,1
DA:20,1
DA:22,0
DA:23,0
DA:25,0
DA:29,3
DA:30,1
DA:33,3
LF:18
LH:14
BRDA:8,0,0,0
BRDA:8,0,1,2
BRDA:8,1,0,2
BRDA:8,1,1,2
BRDA:8,1,2,2
BRDA:8,1,3,2
BRDA:14,2,0,1
BRDA:14,2,1,1
BRDA:22,3,0,0
BRDA:22,3,1,0
BRF:10
BRH:7
end_of_record
TN:
SF:services\professionalService.js
FN:6,(anonymous_0)
FNF:1
FNH:1
FNDA:2,(anonymous_0)
DA:2,3
DA:6,3
DA:7,2
DA:8,1
DA:10,1
DA:14,3
LF:6
LH:6
BRDA:7,0,0,1
BRDA:7,0,1,1
BRF:2
BRH:2
end_of_record
TN:
SF:services\serviceService.js
FN:4,(anonymous_0)
FN:13,(anonymous_1)
FN:21,(anonymous_2)
FN:29,(anonymous_3)
FN:37,(anonymous_4)
FNF:5
FNH:4
FNDA:4,(anonymous_0)
FNDA:4,(anonymous_1)
FNDA:3,(anonymous_2)
FNDA:3,(anonymous_3)
FNDA:0,(anonymous_4)
DA:2,3
DA:4,3
DA:5,4
DA:6,4
DA:7,0
DA:9,4
DA:10,4
DA:13,3
DA:14,4
DA:15,4
DA:16,0
DA:18,4
DA:21,3
DA:22,3
DA:23,3
DA:24,0
DA:26,3
DA:29,3
DA:30,3
DA:31,3
DA:32,1
DA:34,2
DA:37,3
DA:39,0
DA:40,0
DA:41,0
DA:43,0
DA:44,0
DA:47,0
DA:48,0
DA:49,0
DA:51,0
DA:54,3
LF:33
LH:21
BRDA:6,0,0,0
BRDA:6,0,1,4
BRDA:15,1,0,0
BRDA:15,1,1,4
BRDA:23,2,0,0
BRDA:23,2,1,3
BRDA:31,3,0,1
BRDA:31,3,1,2
BRDA:39,4,0,0
BRDA:39,4,1,0
BRDA:48,5,0,0
BRDA:48,5,1,0
BRF:12
BRH:5
end_of_record
TN:
SF:services\userService.js
FN:4,(anonymous_0)
FNF:1
FNH:1
FNDA:1,(anonymous_0)
DA:2,3
DA:4,3
DA:5,1
DA:8,3
LF:4
LH:4
BRF:0
BRH:0
end_of_record
